Timestamp	Process	TID	Area	Category	EventID	Level	Message	Correlation
08/22/2016 19:30:51.038 	com.microsoft.Word	0xb0081000	                        com.microsoft.Word	mbu.instrument	iangv	Information 	Configuration {"FriendlyAppVersion":"15.22.1 (160512)","FriendlyOSVersion":"Mac OS X 10.11.5 (15F34)","DATAID_SCREEN_DPI":72,"Screens":[{"deviceColorSpaceName":"NSCalibratedRGBColorSpace","deviceBitsPerSample":8,"Index":0,"deviceResolutionWidth":72,"deviceResolutionHeight":72,"width":1920,"originY":0,"originX":0,"height":1080}],"NumScreens":1,"DATAID_SYS_VOL_SPACE":156916.9,"ProcessArchitecture":"i386","DATAID_RESOLUTION":1920,"MainScreenIndex":0,"DATAID_SCREEN_DEPTH":24,"DATAID_OS_BUILD":"15F34","DATAID_SYS_VOL_SIZE":238424.5,"DATAID_HOME_VOL_SPACE":156916.9,"DATAID_HOME_VOL_SIZE":238424.5}	4456ACF1-030B-4D72-979E-80541CD9CBD3 
08/22/2016 19:30:51.038 	com.microsoft.Word	0xb0081000	                        com.microsoft.Word	mbu.instrument	iab2v	Information 	Configuration Gathering Perf {"timeInMs":0}	4456ACF1-030B-4D72-979E-80541CD9CBD3 
08/22/2016 19:30:51.038 	com.microsoft.Word	0xb0081000	                        com.microsoft.Word	ULS.Heartbeat	iaaaa	Information 	8DB56393-9C9D-5CDD-B946-81B5606D4C10	4456ACF1-030B-4D72-979E-80541CD9CBD3 
08/22/2016 19:30:51.113 	com.microsoft.Word	0xb0081000	                        com.microsoft.Word	Identity Authentication Client	awuuf	Information 	[IdentityManager] OfflineInit {"Message": "IdentityManager Offline Init."}	4456ACF1-030B-4D72-979E-80541CD9CBD3 
08/22/2016 19:30:51.113 	com.microsoft.Word	0xb0081000	                        com.microsoft.Word	Identity Authentication Client	awut9	Information 	[Authentication] IsCustomEnv {"Message": "Service is NOT using custom environment.", "Name": "LiveId", "CustomEnv": "INT"}	4456ACF1-030B-4D72-979E-80541CD9CBD3 
08/22/2016 19:30:51.113 	com.microsoft.Word	0xb0081000	                        com.microsoft.Word	Identity Authentication Client	awuuj	Information 	[IdentityManager] SetOneDriveServiceFallbackUrls {"Message": "Using Production Environment for OneDrive."}	4456ACF1-030B-4D72-979E-80541CD9CBD3 
08/22/2016 19:30:51.117 	com.microsoft.Word	0xb0081000	                        com.microsoft.Word	Identity Authentication Client	awuuk	Information 	[IdentityManager] LoadAndValidateCachedIdentities {"Message": "Reading persisted identities.", "Size": 0}	4456ACF1-030B-4D72-979E-80541CD9CBD3 
08/22/2016 19:30:51.121 	com.microsoft.Word	0xb039f000	                        com.microsoft.Word	Memory Resource Usage	a5h8g	Information 	CurrentProcessWideMemoryUsage {"ScopeInstance": 2, "BytesUsedDelta": 610304, "BytesUsedAtComplete": 57745408}	4456ACF1-030B-4D72-979E-80541CD9CBD3 
08/22/2016 19:30:51.121 	com.microsoft.Word	0xb039f000	                        com.microsoft.Word	Scope Summary	a5h8g	Information 	{"ScopeName": "[IdentityLiblet] Init", "StartTime": 2016-08-22T19:30:51Z, "DurationToCompleteInMilliseconds": 8, "DurationToCompleteInMillisecondsHighPrecision": 8.442330, "ScopeInstance": 2, "ScopeParentInstance": 0, "TopActivityInstance": 2, "Success": true}	4456ACF1-030B-4D72-979E-80541CD9CBD3 
08/22/2016 19:30:51.121 	com.microsoft.Word	0xb039f000	                        com.microsoft.Word	IdentityAuthenticationCredStore	ibzdd	Information 	[COfficeCredStore] InitInstance {"Message": "InitInstance succeeded!"}	4456ACF1-030B-4D72-979E-80541CD9CBD3 
08/22/2016 19:30:51.121 	com.microsoft.Word	0xb039f000	                        com.microsoft.Word	IdentityAuthenticationCredStore	ibzdd	Information 	[COfficeCredStore] InitInstance {"Message": "InitInstance succeeded!"}	4456ACF1-030B-4D72-979E-80541CD9CBD3 
08/22/2016 19:30:51.121 	com.microsoft.Word	0xb039f000	                        com.microsoft.Word	Identity SharedCred Client	a9iej	Information 	[SharedCred] LoadAllCreds {"Message": "Loading stored credentials for prefix.", "CredType": "ADAL:"}	4456ACF1-030B-4D72-979E-80541CD9CBD3 
08/22/2016 19:30:51.123 	com.microsoft.Word	0xb0081000	                        com.microsoft.Word	Logging Liblet	ib12r	Information 	CustomerLoggingEnabled check {"PreviousEnabledState": false, "PreviousSessionCount": 0, "NewEnabledState": false, "NewSessionCount": 0}	4456ACF1-030B-4D72-979E-80541CD9CBD3 
08/22/2016 19:30:51.123 	com.microsoft.Word	0xb0081000	                        com.microsoft.Word	Logging Liblet	a2lez	Information 	Logging liblet initialized.	4456ACF1-030B-4D72-979E-80541CD9CBD3 
08/22/2016 19:30:51.125 	com.microsoft.Word	0xb0081000	                        com.microsoft.Word	Identity Authentication Client	awuug	Information 	[IdentityManager] CreateProfileManagerIfNeeded {"Message": "Initializing Profiles."}	4456ACF1-030B-4D72-979E-80541CD9CBD3 
08/22/2016 19:30:51.128 	com.microsoft.Word	0xb039f000	                        com.microsoft.Word	Experiment Liblet	bef14	Information 	In FlightManager::Init()	4456ACF1-030B-4D72-979E-80541CD9CBD3 
08/22/2016 19:30:51.128 	com.microsoft.Word	0xb0081000	                        com.microsoft.Word	Experiment Liblet	bdlx2	Information 	FeatureList {"Source": "Edge", "FeatureName": "ofcwsyd3mflud50"}	4456ACF1-030B-4D72-979E-80541CD9CBD3 
08/22/2016 19:30:51.128 	com.microsoft.Word	0xb0081000	                        com.microsoft.Word	Experiment Liblet	bdlx2	Information 	FeatureList {"Source": "Edge", "FeatureName": "ofaqditzgub3ox0"}	4456ACF1-030B-4D72-979E-80541CD9CBD3 
08/22/2016 19:30:51.128 	com.microsoft.Word	0xb0081000	                        com.microsoft.Word	Experiment Liblet	bdlx2	Information 	FeatureList {"Source": "Ecs", "FeatureName": "of24c465f5qmvv0"}	4456ACF1-030B-4D72-979E-80541CD9CBD3 
08/22/2016 19:30:51.129 	com.microsoft.Word	0xb0081000	                        com.microsoft.Word	Experiment Liblet	bdlx2	Information 	FeatureList {"Source": "Ecs", "FeatureName": "ofk455qfv2wuij0"}	4456ACF1-030B-4D72-979E-80541CD9CBD3 
08/22/2016 19:30:51.129 	com.microsoft.Word	0xb0081000	                        com.microsoft.Word	Experiment Liblet	bdlx2	Information 	FeatureList {"Source": "Ecs", "FeatureName": "of2123d2f3tdkw0"}	4456ACF1-030B-4D72-979E-80541CD9CBD3 
08/22/2016 19:30:51.130 	com.microsoft.Word	0xb0081000	                        com.microsoft.Word	Experiment Liblet	bcjel	Information 	Could not get stored Dogfood string	4456ACF1-030B-4D72-979E-80541CD9CBD3 
08/22/2016 19:30:51.130 	com.microsoft.Word	0xb0081000	                        com.microsoft.Word	Experiment Liblet	bd9vd	Information 	In PopulateFeatureNameForFlight {"FeatureName": "Microsoft.Office.Experiment.PollingDuration", "Flight Name": "ofecgl4pfbgfif0"}	4456ACF1-030B-4D72-979E-80541CD9CBD3 
08/22/2016 19:30:51.130 	com.microsoft.Word	0xb0081000	                        com.microsoft.Word	Experiment Liblet	bbpzt	Information 	CachedFlightsNumberLineInfo {"CachedFlightsNumberLineInfo": "preallocation=userbasedstrategy,muidflt250=ofcwsyd3mflud501,muidflt251=ofaqditzgub3ox01"}	4456ACF1-030B-4D72-979E-80541CD9CBD3 
08/22/2016 19:30:51.130 	com.microsoft.Word	0xb0081000	                        com.microsoft.Word	Experiment Liblet	bekuu	Information 	Setting the callback for validation.	4456ACF1-030B-4D72-979E-80541CD9CBD3 
08/22/2016 19:30:51.130 	com.microsoft.Word	0xb0081000	                        com.microsoft.Word	Experiment Liblet	bdlx1	Information 	Could not retrieve flights from persistent cache	4456ACF1-030B-4D72-979E-80541CD9CBD3 
08/22/2016 19:30:51.130 	com.microsoft.Word	0xb0081000	                        com.microsoft.Word	Experiment Liblet	benmp	Information 	Creating Edge request {"RequestGUID": "BC6FB4EC-36DE-5A47-B441-B339DC965178"}	4456ACF1-030B-4D72-979E-80541CD9CBD3 
08/22/2016 19:30:51.130 	com.microsoft.Word	0xb0081000	                        com.microsoft.Word	Rules Engine	ib6oq	Information 		4456ACF1-030B-4D72-979E-80541CD9CBD3 
08/22/2016 19:30:51.137 	com.microsoft.Word	0xb0197000	                        com.microsoft.Word	TimerScope	ian13	Information 	{"_originalTraceTime": 2016-08-22T19:30:50Z, "ID": "word.bootMainToActive", "Instance": 1, "Action": "Start"}	4456ACF1-030B-4D72-979E-80541CD9CBD3 
08/22/2016 19:30:51.137 	com.microsoft.Word	0xb0197000	                        com.microsoft.Word	WLM	ib6vf	Information 	Registry Load Time {"_originalTraceTime": 2016-08-22T19:30:50Z, "Seconds": 0.009160, "Keys": 350, "Values": 2420}	4456ACF1-030B-4D72-979E-80541CD9CBD3 
08/22/2016 19:30:51.137 	com.microsoft.Word	0xb0197000	                        com.microsoft.Word	Performance Hang Detection	ibyng	Information 	Hang detection started. {"_originalTraceTime": 2016-08-22T19:30:51Z}	4456ACF1-030B-4D72-979E-80541CD9CBD3 
08/22/2016 19:30:51.138 	com.microsoft.Word	0xb0081000	                        com.microsoft.Word	merp.sqm.public	iam9v	Information 	Configuration {"DATAID_NUM_PROC":4,"LocaleCurrent":"en_US","DATAID_BUILD_REVISION":5,"DATAID_OS_MAJORVERSION":10,"DATAID_PROC_SPEED":2800,"DATAID_MEMORY":8192,"DATAID_OS_MINORVERSION":11,"DATAID_OFFICE_SKU_LANG":1033,"DATAID_OFFICE_UI_LANG":1033,"DATAID_APPMINORVER":22,"DATAID_APPVER":1,"LocalePreferred":"en","DATAID_APPVERDOT":160512,"DATAID_APPMAJORVER":15,"ProcessorID":7,"MachineKind":"iMac16,2","LocaleCountryCodeCurrent":"US"}	4456ACF1-030B-4D72-979E-80541CD9CBD3 
08/22/2016 19:30:51.138 	com.microsoft.Word	0xb0081000	                        com.microsoft.Word	merp.sqm.public	iam9t	Information 	{"UserGuid":"1316927150-61553-5943-ec196e3ea5b79eb"}	4456ACF1-030B-4D72-979E-80541CD9CBD3 
08/22/2016 19:30:51.138 	com.microsoft.Word	0xb0081000	                        com.microsoft.Word	merp.sqm.public	iam9u	Information 	{"MachineGuid":"1316927150-61553-5943-236196e3ea5b79eb"}	4456ACF1-030B-4D72-979E-80541CD9CBD3 
08/22/2016 19:30:51.139 	com.microsoft.Word	0xb06ab000	                        com.microsoft.Word	MbuInstrument	ib78a	Information 	Accessibility Settings {"IncreaseContrast": false, "DifferentiateWithoutColor": false, "ReduceTransparency": false, "UAZoomEnabled": false}	4456ACF1-030B-4D72-979E-80541CD9CBD3 
08/22/2016 19:30:51.151 	com.microsoft.Word	0xb0081000	                        com.microsoft.Word	Memory Resource Usage	a5ia1	Information 	CurrentProcessWideMemoryUsage {"ScopeInstance": 3, "BytesUsedDelta": 1400832, "BytesUsedAtComplete": 61992960}	4456ACF1-030B-4D72-979E-80541CD9CBD3 
08/22/2016 19:30:51.151 	com.microsoft.Word	0xb0081000	                        com.microsoft.Word	Scope Summary	a5ia1	Information 	{"ScopeName": "Mso::Telemetry::RuleManager::LoadXmlRules", "StartTime": 2016-08-22T19:30:51Z, "DurationToCompleteInMilliseconds": 13, "DurationToCompleteInMillisecondsHighPrecision": 13.481641, "ScopeInstance": 3, "ScopeParentInstance": 0, "TopActivityInstance": 3, "Success": true}	4456ACF1-030B-4D72-979E-80541CD9CBD3 
08/22/2016 19:30:51.154 	com.microsoft.Word	0xb0081000	                        com.microsoft.Word	FirstRun Licensing	ibwde	Information 	Entering the MOLCFastCacheIsCurrent	4456ACF1-030B-4D72-979E-80541CD9CBD3 
08/22/2016 19:30:51.157 	com.microsoft.Word	0xb0081000	                        com.microsoft.Word	IdentityAuthenticationCredStore	ibzd0	Information 	[COfficeCredStore] GetAuthScheme {"Message": "AuthScheme for Url.", "Proxy": "Proxy", "Url": "<Url is PII>", "AuthScheme": 0}	4456ACF1-030B-4D72-979E-80541CD9CBD3 
08/22/2016 19:30:51.157 	com.microsoft.Word	0xb0081000	                        com.microsoft.Word	IdentityDocToServiceMapping	azr7p	Information 	[DocToServiceMapping] GetLiveIdServiceParams {"Message": "No service params for Url.", "Url": "<Url is PII>", "DomainOnly": false}	4456ACF1-030B-4D72-979E-80541CD9CBD3 
08/22/2016 19:30:51.157 	com.microsoft.Word	0xb0081000	                        com.microsoft.Word	IdentityAuthenticationCredStore	ibzd0	Information 	[COfficeCredStore] GetAuthScheme {"Message": "AuthScheme for Url.", "Proxy": "Server", "Url": "<Url is PII>", "AuthScheme": 0}	4456ACF1-030B-4D72-979E-80541CD9CBD3 
08/22/2016 19:30:51.162 	com.microsoft.Word	0xb072d000	                        com.microsoft.Word	Identity Authentication Client	awuur	Information 	[IdentityManager] AreCredsDifferent {"Message": "Background Tasks with differences.", "IdentityProvider": "ADAL", "Size": 0}	4456ACF1-030B-4D72-979E-80541CD9CBD3 
08/22/2016 19:30:51.176 	com.microsoft.Word	0xb072d000	                        com.microsoft.Word	MbuFont	ibutp	Information 	{"NumFonts": 610, "NumCreatedFonts": 40, "NumErsatzFonts": 0}	4456ACF1-030B-4D72-979E-80541CD9CBD3 
08/22/2016 19:30:51.209 	com.microsoft.Word	0xb072d000	                        com.microsoft.Word	Experiment Liblet	bdlxx	Information 	EDGE request GUID and response numberline info {"RequestGUID": "BC6FB4EC-36DE-5A47-B441-B339DC965178", "FlightNumberlineInfo": "preallocation=allexpusers"}	4456ACF1-030B-4D72-979E-80541CD9CBD3 
08/22/2016 19:30:51.229 	com.microsoft.Word	0xb039f000	                        com.microsoft.Word	Experiment Liblet	bbpzs	Information 	FlightNumberlineInfo {"FlightNumberlineInfo": "preallocation=allexpusers", "LockType": 2, "ECSConfigs": "P-R-18363-1-8,P-R-18651-3-7,P-R-18924-1-6,P-R-18164-26268-3,P-R-18351-2-4,P-R-19279-1-3"}	4456ACF1-030B-4D72-979E-80541CD9CBD3 
08/22/2016 19:30:51.281 	com.microsoft.Word	0xb029b000	                        com.microsoft.Word	WebServiceApi	ayvua	Information 	[ServiceRequestHelper] ProcessRequest {"Message": "Request was Successfully processed", "RequestId": 1, "HttpStatusCode": 200}	4456ACF1-030B-4D72-979E-80541CD9CBD3 
08/22/2016 19:30:51.287 	com.microsoft.Word	0xb039f000	                        com.microsoft.Word	Identity SharedCred Client	a9iej	Information 	[SharedCred] LoadAllCreds {"Message": "Loading stored credentials for prefix.", "CredType": "live:cid="}	4456ACF1-030B-4D72-979E-80541CD9CBD3 
08/22/2016 19:30:51.287 	com.microsoft.Word	0xb029b000	                        com.microsoft.Word	Identity Authentication Client	awuur	Information 	[IdentityManager] AreCredsDifferent {"Message": "Background Tasks with differences.", "IdentityProvider": "LiveId", "Size": 0}	4456ACF1-030B-4D72-979E-80541CD9CBD3 
08/22/2016 19:30:51.287 	com.microsoft.Word	0xb029b000	                        com.microsoft.Word	Licensing client liblet	ibwh9	Information 	License State {"Type": "No License/Not Activated", "OLSLicenseId": "", "ACID": "", "DidRunPreview": "No", "UserId": ""}	4456ACF1-030B-4D72-979E-80541CD9CBD3 
08/22/2016 19:30:51.287 	com.microsoft.Word	0xb0219000	                        com.microsoft.Word	Identity SharedCred Client	a9iej	Information 	[SharedCred] LoadAllCreds {"Message": "Loading stored credentials for prefix.", "CredType": "ADAL:"}	4456ACF1-030B-4D72-979E-80541CD9CBD3 
08/22/2016 19:30:51.287 	com.microsoft.Word	0xb0219000	                        com.microsoft.Word	IdentityADALClient	a0kaz	Information 	[ADALLibrary] InitIdentities {"Message": "Initializing ADAL identities."}	4456ACF1-030B-4D72-979E-80541CD9CBD3 
08/22/2016 19:30:51.287 	com.microsoft.Word	0xb0219000	                        com.microsoft.Word	Identity Authentication Client	awuu4	Information 	[IdentityManager] ReloadIdentities {"Message": "Reloading identities for identity provider.", "IdentityProvider": "ADAL"}	4456ACF1-030B-4D72-979E-80541CD9CBD3 
08/22/2016 19:30:51.288 	com.microsoft.Word	0xb0219000	                        com.microsoft.Word	Identity Authentication Client	awuu6	Information 	[IdentityManager] ReloadIdentities {"Message": "Skipping initialization of identities from creds for provider.", "IdentityProvider": "ADAL"}	4456ACF1-030B-4D72-979E-80541CD9CBD3 
08/22/2016 19:30:51.288 	com.microsoft.Word	0xb0219000	                        com.microsoft.Word	Identity Authentication Client	awuu4	Information 	[IdentityManager] ReloadIdentities {"Message": "Reloading identities for identity provider.", "IdentityProvider": "SSPI"}	4456ACF1-030B-4D72-979E-80541CD9CBD3 
08/22/2016 19:30:51.288 	com.microsoft.Word	0xb0219000	                        com.microsoft.Word	Identity SharedCred Client	a9iej	Information 	[SharedCred] LoadAllCreds {"Message": "Loading stored credentials for prefix.", "CredType": "SSPI:"}	4456ACF1-030B-4D72-979E-80541CD9CBD3 
08/22/2016 19:30:51.288 	com.microsoft.Word	0xb0219000	                        com.microsoft.Word	Identity Authentication Client	awuu7	Information 	[IdentityManager] ReloadIdentities {"Message": "IdentityProvider has 0 identities."}	4456ACF1-030B-4D72-979E-80541CD9CBD3 
08/22/2016 19:30:51.288 	com.microsoft.Word	0xb0219000	                        com.microsoft.Word	Identity Authentication Client	awuws	Information 	[ProfileManager] RunBackgroundTasks {"Message": "Background tasks: profile count.", "ProfileListSize": 0}	4456ACF1-030B-4D72-979E-80541CD9CBD3 
08/22/2016 19:30:51.288 	com.microsoft.Word	0xb0219000	                        com.microsoft.Word	Experiment Liblet	bd9vd	Information 	In PopulateFeatureNameForFlight {"FeatureName": "Microsoft.Office.Graphics.FastAcc", "Flight Name": "ofas3eiflxlznq0"}	4456ACF1-030B-4D72-979E-80541CD9CBD3 
08/22/2016 19:30:51.288 	com.microsoft.Word	0xb0219000	                        com.microsoft.Word	Identity Authentication Client	awuxb	Information 	[ProfileManager] CreateConnectedProfileIfNeeded {"Message": "Looking for Connected account for profile."}	4456ACF1-030B-4D72-979E-80541CD9CBD3 
08/22/2016 19:30:51.288 	com.microsoft.Word	0xb0219000	                        com.microsoft.Word	Experiment Liblet	a9a2s	Information 	Feature Query Status {"FeatureName": "Microsoft.Office.Graphics.FastAcc", "FlightName": "ofas3eiflxlznq0", "Scope": 0, "IsInScope": false, "TreatmentValue": false}	4456ACF1-030B-4D72-979E-80541CD9CBD3 
08/22/2016 19:30:51.288 	com.microsoft.Word	0xb0219000	                        com.microsoft.Word	Identity Authentication Client	awuww	Information 	[ProfileManager] RunBackgroundTasks {"Message": "Looking for single persisted OrgId/ADAL identity for profile."}	4456ACF1-030B-4D72-979E-80541CD9CBD3 
08/22/2016 19:30:51.389 	com.microsoft.Word	0xb0081000	                        com.microsoft.Word	MbuInstrument	ibxdj	Warning 	Standard error {"Message": "2016-08-22 15:30:51.388 Microsoft Word[732:19749] NSAllowAppKitWeakReferences=YES"}	4456ACF1-030B-4D72-979E-80541CD9CBD3 
08/22/2016 19:30:51.459 	com.microsoft.Word	0xb0219000	                        com.microsoft.Word	CocoaUI.ThemePreferences	ibidz	Information 	Initial Boot Theme {"CUIThemePreferencesType": 0}	4456ACF1-030B-4D72-979E-80541CD9CBD3 
08/22/2016 19:30:51.465 	com.microsoft.Word	0xb029b000	                        com.microsoft.Word	MbuInstrument	ibxdj	Warning 	Standard error {"Message": "2016-08-22 15:30:51.464 Microsoft Word[732:19749] ApplePersistenceIgnoreState: Existing state will not be touched. New state will be written to /var/folders/yj/qm6_4v851ll7914_qx316xxdt6yhs8/T/com.microsoft.Word/com.microsoft.Word.savedState"}	4456ACF1-030B-4D72-979E-80541CD9CBD3 
08/22/2016 19:30:51.545 	com.microsoft.Word	0xb0219000	                        com.microsoft.Word	Identity Authentication Client	a2ouq	Information 	[ProfileManager] GetSystemUserProfile {"Message": "No default identity"}	4456ACF1-030B-4D72-979E-80541CD9CBD3 
08/22/2016 19:30:51.547 	com.microsoft.Word	0xb0219000	                        com.microsoft.Word	OfficeServicesManager	a1t8f	Information 	OfficeServicesManagerBase::GetConnectedServices {"Message": "GetConnectedServices() was called."}	4456ACF1-030B-4D72-979E-80541CD9CBD3 
08/22/2016 19:30:51.549 	com.microsoft.Word	0xb0219000	                        com.microsoft.Word	FileUIKit	iam60	Information 	[ConnectedServicesCallback] ServicesNotification {"AddedServices": 0, "TypeOfAddedServices": "", "RemovedServices": 0, "TypeOfRemovedServices": ""}	4456ACF1-030B-4D72-979E-80541CD9CBD3 
08/22/2016 19:30:51.549 	com.microsoft.Word	0xb0219000	                        com.microsoft.Word	OfficeServicesManager	a11to	Information 	[OfficeServicesManagerBase] GetConnectedServices {"Message": "GetConnectedServices() returned synchronously.", "UserId": null, "Capabilities": 16385, "Options": 6}	4456ACF1-030B-4D72-979E-80541CD9CBD3 
08/22/2016 19:30:51.551 	com.microsoft.Word	0xb0081000	                        com.microsoft.Word	IdentityAuthenticationCredStore	ibzd0	Information 	[COfficeCredStore] GetAuthScheme {"Message": "AuthScheme for Url.", "Proxy": "Proxy", "Url": "<Url is PII>", "AuthScheme": 0}	4456ACF1-030B-4D72-979E-80541CD9CBD3 
08/22/2016 19:30:51.551 	com.microsoft.Word	0xb0081000	                        com.microsoft.Word	IdentityDocToServiceMapping	azr7p	Information 	[DocToServiceMapping] GetLiveIdServiceParams {"Message": "No service params for Url.", "Url": "<Url is PII>", "DomainOnly": false}	4456ACF1-030B-4D72-979E-80541CD9CBD3 
08/22/2016 19:30:51.551 	com.microsoft.Word	0xb0081000	                        com.microsoft.Word	IdentityAuthenticationCredStore	ibzd0	Information 	[COfficeCredStore] GetAuthScheme {"Message": "AuthScheme for Url.", "Proxy": "Server", "Url": "<Url is PII>", "AuthScheme": 0}	4456ACF1-030B-4D72-979E-80541CD9CBD3 
08/22/2016 19:30:51.571 	com.microsoft.Word	0xb039f000	                        com.microsoft.Word	IdentityAuthenticationCredStore	ibzdd	Information 	[COfficeCredStore] InitInstance {"Message": "InitInstance succeeded!"}	4456ACF1-030B-4D72-979E-80541CD9CBD3 
08/22/2016 19:30:51.576 	com.microsoft.Word	0xb039f000	                        com.microsoft.Word	OfficeServicesManager	a1t8f	Information 	OfficeServicesManagerBase::GetConnectedServices {"Message": "GetConnectedServices() was called."}	4456ACF1-030B-4D72-979E-80541CD9CBD3 
08/22/2016 19:30:51.576 	com.microsoft.Word	0xb039f000	                        com.microsoft.Word	FileUIKit	iam60	Information 	[ConnectedServicesCallback] ServicesNotification {"AddedServices": 0, "TypeOfAddedServices": "", "RemovedServices": 0, "TypeOfRemovedServices": ""}	4456ACF1-030B-4D72-979E-80541CD9CBD3 
08/22/2016 19:30:51.576 	com.microsoft.Word	0xb039f000	                        com.microsoft.Word	OfficeServicesManager	a11to	Information 	[OfficeServicesManagerBase] GetConnectedServices {"Message": "GetConnectedServices() returned synchronously.", "UserId": null, "Capabilities": 16385, "Options": 22}	4456ACF1-030B-4D72-979E-80541CD9CBD3 
08/22/2016 19:30:51.625 	com.microsoft.Word	0xb0197000	                        com.microsoft.Word	OfficeSpace_DesktopClickstream	ibur2	Information 	Clickstream Logging {"tcid": 23392, "tcidParent": 0}	4456ACF1-030B-4D72-979E-80541CD9CBD3 
08/22/2016 19:30:51.664 	com.microsoft.Word	0xb0081000	                        com.microsoft.Word	Wincrypto	ib01p	Information 	CreateDataRefFromSecKeyRef Performance {"Seconds": 2001-01-01T00:00:00Z}	4456ACF1-030B-4D72-979E-80541CD9CBD3 
08/22/2016 19:30:51.722 	com.microsoft.Word	0xb0081000	                        com.microsoft.Word	Experiment Liblet	bd9vd	Information 	In PopulateFeatureNameForFlight {"FeatureName": "Microsoft.Office.Word.AXTableEditing", "Flight Name": "ofdqmachtdaur40"}	4456ACF1-030B-4D72-979E-80541CD9CBD3 
08/22/2016 19:30:51.722 	com.microsoft.Word	0xb0081000	                        com.microsoft.Word	Experiment Liblet	bddu6	Information 	Feature Query Status {"FeatureName": "Microsoft.Office.Word.AXTableEditing", "FlightName": "ofdqmachtdaur40", "TreatmentValue": 0}	4456ACF1-030B-4D72-979E-80541CD9CBD3 
08/22/2016 19:30:51.722 	com.microsoft.Word	0xb0081000	                        com.microsoft.Word	Experiment Liblet	bd9vd	Information 	In PopulateFeatureNameForFlight {"FeatureName": "Microsoft.Office.Outlook.TableSupport", "Flight Name": "ofilfmq4laqux40"}	4456ACF1-030B-4D72-979E-80541CD9CBD3 
08/22/2016 19:30:51.722 	com.microsoft.Word	0xb0081000	                        com.microsoft.Word	Experiment Liblet	bddu6	Information 	Feature Query Status {"FeatureName": "Microsoft.Office.Outlook.TableSupport", "FlightName": "ofilfmq4laqux40", "TreatmentValue": 0}	4456ACF1-030B-4D72-979E-80541CD9CBD3 
08/22/2016 19:30:51.722 	com.microsoft.Word	0xb0081000	                        com.microsoft.Word	Experiment Liblet	bd9vd	Information 	In PopulateFeatureNameForFlight {"FeatureName": "Microsoft.Office.Word.EnableWebScalingZoomReset", "Flight Name": "ofanpaeym3wxlz0"}	4456ACF1-030B-4D72-979E-80541CD9CBD3 
08/22/2016 19:30:51.722 	com.microsoft.Word	0xb0081000	                        com.microsoft.Word	Experiment Liblet	bddu6	Information 	Feature Query Status {"FeatureName": "Microsoft.Office.Word.EnableWebScalingZoomReset", "FlightName": "ofanpaeym3wxlz0", "TreatmentValue": 1}	4456ACF1-030B-4D72-979E-80541CD9CBD3 
08/22/2016 19:30:51.722 	com.microsoft.Word	0xb0081000	                        com.microsoft.Word	Experiment Liblet	bd9vd	Information 	In PopulateFeatureNameForFlight {"FeatureName": "Microsoft.Office.Word.ShowPasteboardPrintLayout", "Flight Name": "ofdl6xkd31gki20"}	4456ACF1-030B-4D72-979E-80541CD9CBD3 
08/22/2016 19:30:51.722 	com.microsoft.Word	0xb0081000	                        com.microsoft.Word	Experiment Liblet	bddu6	Information 	Feature Query Status {"FeatureName": "Microsoft.Office.Word.ShowPasteboardPrintLayout", "FlightName": "ofdl6xkd31gki20", "TreatmentValue": 1}	4456ACF1-030B-4D72-979E-80541CD9CBD3 
08/22/2016 19:30:51.722 	com.microsoft.Word	0xb0081000	                        com.microsoft.Word	Experiment Liblet	bd9vd	Information 	In PopulateFeatureNameForFlight {"FeatureName": "Microsoft.Office.Word.ContentControls", "Flight Name": "of3og1haea5zna0"}	4456ACF1-030B-4D72-979E-80541CD9CBD3 
08/22/2016 19:30:51.722 	com.microsoft.Word	0xb0081000	                        com.microsoft.Word	Experiment Liblet	bddu6	Information 	Feature Query Status {"FeatureName": "Microsoft.Office.Word.ContentControls", "FlightName": "of3og1haea5zna0", "TreatmentValue": 0}	4456ACF1-030B-4D72-979E-80541CD9CBD3 
08/22/2016 19:30:51.722 	com.microsoft.Word	0xb0081000	                        com.microsoft.Word	Experiment Liblet	bd9vd	Information 	In PopulateFeatureNameForFlight {"FeatureName": "Microsoft.Office.Word.NewProofingLogic", "Flight Name": "of2123d2f3tdkw0"}	4456ACF1-030B-4D72-979E-80541CD9CBD3 
08/22/2016 19:30:51.722 	com.microsoft.Word	0xb0081000	                        com.microsoft.Word	Experiment Liblet	bddu6	Information 	Feature Query Status {"FeatureName": "Microsoft.Office.Word.NewProofingLogic", "FlightName": "of2123d2f3tdkw0", "TreatmentValue": 1}	4456ACF1-030B-4D72-979E-80541CD9CBD3 
08/22/2016 19:30:51.722 	com.microsoft.Word	0xb0081000	                        com.microsoft.Word	Experiment Liblet	bd9vd	Information 	In PopulateFeatureNameForFlight {"FeatureName": "Microsoft.Office.Word.UseBCSForPDFConversion", "Flight Name": "ofsdr6zu5duwrk0"}	4456ACF1-030B-4D72-979E-80541CD9CBD3 
08/22/2016 19:30:51.722 	com.microsoft.Word	0xb0081000	                        com.microsoft.Word	Experiment Liblet	bddu6	Information 	Feature Query Status {"FeatureName": "Microsoft.Office.Word.UseBCSForPDFConversion", "FlightName": "ofsdr6zu5duwrk0", "TreatmentValue": 0}	4456ACF1-030B-4D72-979E-80541CD9CBD3 
08/22/2016 19:30:51.723 	com.microsoft.Word	0xb0081000	                        com.microsoft.Word	MBU Ungraceful Exit Logging	ibak3	Information 	Previous process session exited gracefully {"ExitWasGraceful": true, "SessionId": "BF1D3AD9-8E4C-47A3-BBB7-26ACB08F2F79", "SessionStartTime": 2016-06-09T14:36:40Z, "SessionVersion": "15.22.1", "SessionBuildNumber": "160512", "SessionDuration": 2001-01-01T00:00:14Z, "StackHash": null, "MERPSessionID": null, "SessionIDSMatch": false}	4456ACF1-030B-4D72-979E-80541CD9CBD3 
08/22/2016 19:30:51.901 	com.microsoft.Word	0xb0081000	                        com.microsoft.Word	Mbukernel	ib7u3	Information 	MBUApplication Boot Start {"bootTimeStaticInit": 2172851863, "bootTimeMainStart": 2173294453, "bootTimeFinishLaunchStart": 2173324752, "bootTimeFinishLaunchEnd": 2174249302}	4456ACF1-030B-4D72-979E-80541CD9CBD3 
08/22/2016 19:30:51.920 	com.microsoft.Word	0xb0197000	                        com.microsoft.Word	TimerScope	ian13	Information 	{"ID": "word.open", "Instance": 2, "Action": "Start"}	4456ACF1-030B-4D72-979E-80541CD9CBD3 
08/22/2016 19:30:51.923 	com.microsoft.Word	0xb0081000	                        com.microsoft.Word	FirstRun Client	iborr	Warning 	hr error in rpc call {"Error": -805306356}	4456ACF1-030B-4D72-979E-80541CD9CBD3 
08/22/2016 19:30:51.923 	com.microsoft.Word	0xb0081000	                        com.microsoft.Word	FirstRun Licensing	ia32a	Information 	MOLCLicense_FastCacheIsCurrent error {"Error": -805306356}	4456ACF1-030B-4D72-979E-80541CD9CBD3 
08/22/2016 19:30:51.959 	com.microsoft.Word	0xb0197000	                        com.microsoft.Word	OUIRibbonGroupTitles	iblk8	Information 	Ribbon Group Titles Preference on Launch {"ShouldShowGroupTitles": false}	4456ACF1-030B-4D72-979E-80541CD9CBD3 
08/22/2016 19:30:52.093 	com.microsoft.Word	0xb0081000	                        com.microsoft.Word	WebServiceApi	ayvua	Information 	[ServiceRequestHelper] ProcessRequest {"Message": "Request was Successfully processed", "RequestId": 2, "HttpStatusCode": 200}	4456ACF1-030B-4D72-979E-80541CD9CBD3 
08/22/2016 19:30:52.093 	com.microsoft.Word	0xb0081000	                        com.microsoft.Word	OfficeServicesManager	a11tv	Information 	[CatalogRequestCallback] OnSuccessStruct {"Message": "The web call to fetch the service catalog succeeded."}	4456ACF1-030B-4D72-979E-80541CD9CBD3 
08/22/2016 19:30:52.331 	com.microsoft.Word	0xb039f000	                        com.microsoft.Word	Word Display	icdqr	Information 	UpdateWwdStart {"pdod": 0x0x7d452a00, "Doc Kind": "Doc", "pmwd": 0x0x7b949bb0, "hwwd": 0x0x7cc26078, "hwnd": 0x000000x0, "View Type": "Draft", "Pct Zoom": 100, "RM View": true, "rcwDisp.xp": 0, "rcwDisp.yp": 0, "rcwDisp.dxp": 1215, "rcwDisp.dyp": 818}	4456ACF1-030B-4D72-979E-80541CD9CBD3 
08/22/2016 19:30:52.339 	com.microsoft.Word	0xb039f000	                        com.microsoft.Word	Word Display	icdqp	Information 	UpdateWwdStop	4456ACF1-030B-4D72-979E-80541CD9CBD3 
08/22/2016 19:30:52.385 	com.microsoft.Word	0xb039f000	                        com.microsoft.Word	Word View	ib760	Information 	WwdViewTypeChange {"Caller": "CmdPageViewOnCpSee", "pdodMain": 0x0x7d452a00, "pmwd": 0x0x7b949bb0, "hwwd": 0x0x7cc26078, "Old View Type": "Draft", "New View Type": "Page"}	4456ACF1-030B-4D72-979E-80541CD9CBD3 
08/22/2016 19:30:52.390 	com.microsoft.Word	0xb039f000	                        com.microsoft.Word	Word Display	icdqr	Information 	UpdateWwdStart {"pdod": 0x0x7d452a00, "Doc Kind": "Doc", "pmwd": 0x0x7b949bb0, "hwwd": 0x0x7cc26078, "hwnd": 0x000000x0, "View Type": "Page", "Pct Zoom": 100, "RM View": true, "rcwDisp.xp": 0, "rcwDisp.yp": 0, "rcwDisp.dxp": 1215, "rcwDisp.dyp": 818}	4456ACF1-030B-4D72-979E-80541CD9CBD3 
08/22/2016 19:30:52.396 	com.microsoft.Word	0xb039f000	                        com.microsoft.Word	Word Display	icdqp	Information 	UpdateWwdStop	4456ACF1-030B-4D72-979E-80541CD9CBD3 
08/22/2016 19:30:52.397 	com.microsoft.Word	0xb039f000	                        com.microsoft.Word	Word Display	icdqr	Information 	UpdateWwdStart {"pdod": 0x0x7d452a00, "Doc Kind": "Doc", "pmwd": 0x0x7b949bb0, "hwwd": 0x0x7cc26078, "hwnd": 0x000000x0, "View Type": "Page", "Pct Zoom": 100, "RM View": true, "rcwDisp.xp": 0, "rcwDisp.yp": 0, "rcwDisp.dxp": 1230, "rcwDisp.dyp": 833}	4456ACF1-030B-4D72-979E-80541CD9CBD3 
08/22/2016 19:30:52.397 	com.microsoft.Word	0xb039f000	                        com.microsoft.Word	Word Display	icdqp	Information 	UpdateWwdStop	4456ACF1-030B-4D72-979E-80541CD9CBD3 
08/22/2016 19:30:52.397 	com.microsoft.Word	0xb039f000	                        com.microsoft.Word	Word Display	icdqr	Information 	UpdateWwdStart {"pdod": 0x0x7d452a00, "Doc Kind": "Doc", "pmwd": 0x0x7b949bb0, "hwwd": 0x0x7cc26078, "hwnd": 0x000000x0, "View Type": "Page", "Pct Zoom": 100, "RM View": true, "rcwDisp.xp": 0, "rcwDisp.yp": 0, "rcwDisp.dxp": 1230, "rcwDisp.dyp": 833}	4456ACF1-030B-4D72-979E-80541CD9CBD3 
08/22/2016 19:30:52.397 	com.microsoft.Word	0xb039f000	                        com.microsoft.Word	Word Display	icdqp	Information 	UpdateWwdStop	4456ACF1-030B-4D72-979E-80541CD9CBD3 
08/22/2016 19:30:52.427 	com.microsoft.Word	0xb0115000	                        com.microsoft.Word	Word Display	icdqr	Information 	UpdateWwdStart {"pdod": 0x0x7d452a00, "Doc Kind": "Doc", "pmwd": 0x0x7b949bb0, "hwwd": 0x0x7cc26078, "hwnd": 0x000000x0, "View Type": "Page", "Pct Zoom": 100, "RM View": true, "rcwDisp.xp": 0, "rcwDisp.yp": 0, "rcwDisp.dxp": 1230, "rcwDisp.dyp": 833}	4456ACF1-030B-4D72-979E-80541CD9CBD3 
08/22/2016 19:30:52.428 	com.microsoft.Word	0xb0115000	                        com.microsoft.Word	Word Display	icdqp	Information 	UpdateWwdStop	4456ACF1-030B-4D72-979E-80541CD9CBD3 
08/22/2016 19:30:52.474 	com.microsoft.Word	0xb072d000	                        com.microsoft.Word	MsoMessageBar	iccv6	Information 	Static Message Bar was shown {"Type": 4}	4456ACF1-030B-4D72-979E-80541CD9CBD3 
08/22/2016 19:30:52.509 	com.microsoft.Word	0xb072d000	                        com.microsoft.Word	TimerScope	ian14	Information 	{"ID": "word.open", "Instance": 2, "Action": "Stop", "Result": 589219}	4456ACF1-030B-4D72-979E-80541CD9CBD3 
08/22/2016 19:30:52.510 	com.microsoft.Word	0xb072d000	                        com.microsoft.Word	FileProperty	ibbz0	Information 	File Open {"FileType": "", "FileSizeInKB": 0, "FileLocation": "LOCAL", "FileVersion": 15, "PageNumberCount": 1}	4456ACF1-030B-4D72-979E-80541CD9CBD3 
08/22/2016 19:30:52.510 	com.microsoft.Word	0xb072d000	                        com.microsoft.Word	Word Logging	ib9s3	Information 	WDAppDelegate::applicationDidFinishLaunching:Start	4456ACF1-030B-4D72-979E-80541CD9CBD3 
08/22/2016 19:30:52.511 	com.microsoft.Word	0xb0115000	                        com.microsoft.Word	Word Logging	ib9s9	Information 	WDAppDelegate::doSetupUIExperience:Start	4456ACF1-030B-4D72-979E-80541CD9CBD3 
08/22/2016 19:30:52.511 	com.microsoft.Word	0xb0115000	                        com.microsoft.Word	Word Logging	ib9s8	Information 	WDAppDelegate::showDocStage	4456ACF1-030B-4D72-979E-80541CD9CBD3 
08/22/2016 19:30:52.511 	com.microsoft.Word	0xb0115000	                        com.microsoft.Word	Word Logging	ib9ta	Information 	WDAppDelegate::doSetupUIExperience:End	4456ACF1-030B-4D72-979E-80541CD9CBD3 
08/22/2016 19:30:52.511 	com.microsoft.Word	0xb0115000	                        com.microsoft.Word	Word Logging	ib9s4	Information 	WDAppDelegate::applicationDidFinishLaunching:End {"DidFinishLaunching": false, "ShowWhatsNew": true}	4456ACF1-030B-4D72-979E-80541CD9CBD3 
08/22/2016 19:30:52.512 	com.microsoft.Word	0xb0115000	                        com.microsoft.Word	Mbukernel	ib7u4	Information 	MBUApplication Boot Finish {"bootTimeLaunchDidFinish": 2174860299}	4456ACF1-030B-4D72-979E-80541CD9CBD3 
08/22/2016 19:30:52.563 	com.microsoft.Word	0xb0197000	                        com.microsoft.Word	ARC Telemetry	a1b9g	Information 	Factory is attempting to create new device	4456ACF1-030B-4D72-979E-80541CD9CBD3 
08/22/2016 19:30:52.639 	com.microsoft.Word	0xb039f000	                        com.microsoft.Word	TimerScope	ian13	Information 	{"ID": "word.active", "Instance": 3, "Action": "Start"}	4456ACF1-030B-4D72-979E-80541CD9CBD3 
08/22/2016 19:30:52.644 	com.microsoft.Word	0xb039f000	                        com.microsoft.Word	TimerScope	ian14	Information 	{"ID": "word.bootMainToActive", "Instance": 1, "Action": "Stop", "Result": 1855111}	4456ACF1-030B-4D72-979E-80541CD9CBD3 
08/22/2016 19:30:52.644 	com.microsoft.Word	0xb0081000	                        com.microsoft.Word	ULS.Heartbeat	iaaaa	Information 	8DB56393-9C9D-5CDD-B946-81B5606D4C10	4456ACF1-030B-4D72-979E-80541CD9CBD3 
08/22/2016 19:30:52.670 	com.microsoft.Word	0xb072d000	                        com.microsoft.Word	Word Display	icdqr	Information 	UpdateWwdStart {"pdod": 0x0x7d452a00, "Doc Kind": "Doc", "pmwd": 0x0x7b949bb0, "hwwd": 0x0x7cc26078, "hwnd": 0x000000x0, "View Type": "Page", "Pct Zoom": 100, "RM View": true, "rcwDisp.xp": 0, "rcwDisp.yp": 0, "rcwDisp.dxp": 1230, "rcwDisp.dyp": 833}	4456ACF1-030B-4D72-979E-80541CD9CBD3 
08/22/2016 19:30:52.671 	com.microsoft.Word	0xb072d000	                        com.microsoft.Word	Word Display	icdqp	Information 	UpdateWwdStop	4456ACF1-030B-4D72-979E-80541CD9CBD3 
08/22/2016 19:30:52.671 	com.microsoft.Word	0xb072d000	                        com.microsoft.Word	Mbukernel	ib7u5	Information 	MBUApplication Boot Idle {"bootTimeIdle": 2175018943}	4456ACF1-030B-4D72-979E-80541CD9CBD3 
08/22/2016 19:30:52.671 	com.microsoft.Word	0xb072d000	                        com.microsoft.Word	IdentityAuthenticationCredStore	ibzdd	Information 	[COfficeCredStore] InitInstance {"Message": "InitInstance succeeded!"}	4456ACF1-030B-4D72-979E-80541CD9CBD3 
08/22/2016 19:30:52.678 	com.microsoft.Word	0xb039f000	                        com.microsoft.Word	Csi Telemetry	ibqd7	Warning 	CSI reported an event {"TelemetryId": 666160, "TelemetryType": 777041, "ServerFileID": "", "Details": "", "FutureUse1": "", "FutureUse2": "", "FutureUse3": "", "FutureUse4": "", "FutureUse5": ""}	4456ACF1-030B-4D72-979E-80541CD9CBD3 
08/22/2016 19:30:52.678 	com.microsoft.Word	0xb039f000	                        com.microsoft.Word	MruServiceApi	axqsb	Information 	MruServiceApi: MruDocumentsApi: READ called {"UniqueId": "UnsignedUser", "Application": "Word", "Locale": "en-US", "MaxItems": 100, "ItemOptions": 14, "CorrelationId": "C66D613B-2221-4C82-A498-40577BC21033"}	4456ACF1-030B-4D72-979E-80541CD9CBD3 
08/22/2016 19:30:52.678 	com.microsoft.Word	0xb0115000	                        com.microsoft.Word	MruServiceApi	axqsf	Information 	MruServiceApi: MruDocumentsApi: READ - cached items callback {"UniqueId": "UnsignedUser", "Application": "Word", "Locale": "en-US", "RequestDuration": 0, "NumberOfItems": 0, "MaxItems": 100}	4456ACF1-030B-4D72-979E-80541CD9CBD3 
08/22/2016 19:30:52.678 	com.microsoft.Word	0xb0115000	                        com.microsoft.Word	Memory Resource Usage	beo99	Information 	CurrentProcessWideMemoryUsage {"ScopeInstance": 4, "BytesUsedDelta": 69632, "BytesUsedAtComplete": 105369600}	4456ACF1-030B-4D72-979E-80541CD9CBD3 
08/22/2016 19:30:52.678 	com.microsoft.Word	0xb0115000	                        com.microsoft.Word	Scope Summary	beo99	Information 	{"ScopeName": "MruDocumentsApi::ReadRequest", "StartTime": 2016-08-22T19:30:52Z, "DurationToCompleteInMilliseconds": 0, "DurationToCompleteInMillisecondsHighPrecision": 0.203350, "ScopeInstance": 4, "ScopeParentInstance": 0, "TopActivityInstance": 4, "Success": true}	4456ACF1-030B-4D72-979E-80541CD9CBD3 
08/22/2016 19:30:52.680 	com.microsoft.Word	0xb039f000	                        com.microsoft.Word	MruServiceApi	axqsb	Information 	MruServiceApi: MruDocumentsApi: READ called {"UniqueId": "UnsignedUser", "Application": "Word", "Locale": "en-US", "MaxItems": 100, "ItemOptions": 14, "CorrelationId": "E4C1DB73-9944-472B-8AC2-73893404464B"}	4456ACF1-030B-4D72-979E-80541CD9CBD3 
08/22/2016 19:30:52.680 	com.microsoft.Word	0xb039f000	                        com.microsoft.Word	MruServiceApi	axqsf	Information 	MruServiceApi: MruDocumentsApi: READ - cached items callback {"UniqueId": "UnsignedUser", "Application": "Word", "Locale": "en-US", "RequestDuration": 0, "NumberOfItems": 0, "MaxItems": 100}	4456ACF1-030B-4D72-979E-80541CD9CBD3 
08/22/2016 19:30:52.680 	com.microsoft.Word	0xb039f000	                        com.microsoft.Word	Memory Resource Usage	beo99	Information 	CurrentProcessWideMemoryUsage {"ScopeInstance": 5, "BytesUsedDelta": 12288, "BytesUsedAtComplete": 105615360}	4456ACF1-030B-4D72-979E-80541CD9CBD3 
08/22/2016 19:30:52.680 	com.microsoft.Word	0xb039f000	                        com.microsoft.Word	Scope Summary	beo99	Information 	{"ScopeName": "MruDocumentsApi::ReadRequest", "StartTime": 2016-08-22T19:30:52Z, "DurationToCompleteInMilliseconds": 0, "DurationToCompleteInMillisecondsHighPrecision": 0.114098, "ScopeInstance": 5, "ScopeParentInstance": 0, "TopActivityInstance": 5, "Success": true}	4456ACF1-030B-4D72-979E-80541CD9CBD3 
08/22/2016 19:30:52.682 	com.microsoft.Word	0xb0115000	                        com.microsoft.Word	Word Display	icdqr	Information 	UpdateWwdStart {"pdod": 0x0x7d452a00, "Doc Kind": "Doc", "pmwd": 0x0x7b949bb0, "hwwd": 0x0x7cc26078, "hwnd": 0x000000x0, "View Type": "Page", "Pct Zoom": 100, "RM View": true, "rcwDisp.xp": 0, "rcwDisp.yp": 0, "rcwDisp.dxp": 1230, "rcwDisp.dyp": 833}	4456ACF1-030B-4D72-979E-80541CD9CBD3 
08/22/2016 19:30:52.682 	com.microsoft.Word	0xb0115000	                        com.microsoft.Word	Word Display	icdqp	Information 	UpdateWwdStop	4456ACF1-030B-4D72-979E-80541CD9CBD3 
08/22/2016 19:30:52.682 	com.microsoft.Word	0xb0115000	                        com.microsoft.Word	MruServiceApi	axqsb	Information 	MruServiceApi: MruDocumentsApi: READ called {"UniqueId": "UnsignedUser", "Application": "Word", "Locale": "en-US", "MaxItems": 100, "ItemOptions": 14, "CorrelationId": "CEF87F6B-3C8E-4E92-B1B8-05CDEEC1A7D1"}	4456ACF1-030B-4D72-979E-80541CD9CBD3 
08/22/2016 19:30:52.682 	com.microsoft.Word	0xb0115000	                        com.microsoft.Word	MruServiceApi	axqsf	Information 	MruServiceApi: MruDocumentsApi: READ - cached items callback {"UniqueId": "UnsignedUser", "Application": "Word", "Locale": "en-US", "RequestDuration": 0, "NumberOfItems": 0, "MaxItems": 100}	4456ACF1-030B-4D72-979E-80541CD9CBD3 
08/22/2016 19:30:52.682 	com.microsoft.Word	0xb0115000	                        com.microsoft.Word	Memory Resource Usage	beo99	Information 	CurrentProcessWideMemoryUsage {"ScopeInstance": 6, "BytesUsedDelta": 0, "BytesUsedAtComplete": 105766912}	4456ACF1-030B-4D72-979E-80541CD9CBD3 
08/22/2016 19:30:52.682 	com.microsoft.Word	0xb0115000	                        com.microsoft.Word	Scope Summary	beo99	Information 	{"ScopeName": "MruDocumentsApi::ReadRequest", "StartTime": 2016-08-22T19:30:52Z, "DurationToCompleteInMilliseconds": 0, "DurationToCompleteInMillisecondsHighPrecision": 0.105606, "ScopeInstance": 6, "ScopeParentInstance": 0, "TopActivityInstance": 6, "Success": true}	4456ACF1-030B-4D72-979E-80541CD9CBD3 
08/22/2016 19:30:52.683 	com.microsoft.Word	0xb0b3d000	                        com.microsoft.Word	Identity Authentication Client	a07y2	Warning 	[IdentityManager] GetIdentityForUniqueId {"Message": "Could not get identity for empty id."}	4456ACF1-030B-4D72-979E-80541CD9CBD3 
08/22/2016 19:30:52.684 	com.microsoft.Word	0xb0b3d000	                        com.microsoft.Word	MruServiceApi	axqsb	Information 	MruServiceApi: MruDocumentsApi: READ called {"UniqueId": "UnsignedUser", "Application": "Word", "Locale": "en-US", "MaxItems": 100, "ItemOptions": 14, "CorrelationId": "9A0E31DE-66C7-49B5-9F3A-6098CACFE8E9"}	4456ACF1-030B-4D72-979E-80541CD9CBD3 
08/22/2016 19:30:52.684 	com.microsoft.Word	0xb0b3d000	                        com.microsoft.Word	MruServiceApi	axqsf	Information 	MruServiceApi: MruDocumentsApi: READ - cached items callback {"UniqueId": "UnsignedUser", "Application": "Word", "Locale": "en-US", "RequestDuration": 0, "NumberOfItems": 0, "MaxItems": 100}	4456ACF1-030B-4D72-979E-80541CD9CBD3 
08/22/2016 19:30:52.684 	com.microsoft.Word	0xb0b3d000	                        com.microsoft.Word	Memory Resource Usage	beo99	Information 	CurrentProcessWideMemoryUsage {"ScopeInstance": 7, "BytesUsedDelta": 20480, "BytesUsedAtComplete": 105799680}	4456ACF1-030B-4D72-979E-80541CD9CBD3 
08/22/2016 19:30:52.684 	com.microsoft.Word	0xb0b3d000	                        com.microsoft.Word	Scope Summary	beo99	Information 	{"ScopeName": "MruDocumentsApi::ReadRequest", "StartTime": 2016-08-22T19:30:52Z, "DurationToCompleteInMilliseconds": 0, "DurationToCompleteInMillisecondsHighPrecision": 0.117670, "ScopeInstance": 7, "ScopeParentInstance": 0, "TopActivityInstance": 7, "Success": true}	4456ACF1-030B-4D72-979E-80541CD9CBD3 
08/22/2016 19:30:52.684 	com.microsoft.Word	0xb0b3d000	                        com.microsoft.Word	Csi Telemetry	ibqd7	Warning 	CSI reported an event {"TelemetryId": 666163, "TelemetryType": 777041, "ServerFileID": "", "Details": "", "FutureUse1": "3", "FutureUse2": "0", "FutureUse3": "", "FutureUse4": "", "FutureUse5": ""}	4456ACF1-030B-4D72-979E-80541CD9CBD3 
08/22/2016 19:30:52.684 	com.microsoft.Word	0xb0b3d000	                        com.microsoft.Word	Identity Authentication Client	a07y2	Warning 	[IdentityManager] GetIdentityForUniqueId {"Message": "Could not get identity for empty id."}	4456ACF1-030B-4D72-979E-80541CD9CBD3 
08/22/2016 19:30:52.684 	com.microsoft.Word	0xb0b3d000	                        com.microsoft.Word	MruServiceApi	axqsb	Information 	MruServiceApi: MruDocumentsApi: READ called {"UniqueId": "UnsignedUser", "Application": "Word", "Locale": "en-US", "MaxItems": 100, "ItemOptions": 14, "CorrelationId": "4963BC40-024D-4022-BC71-EACF4900D134"}	4456ACF1-030B-4D72-979E-80541CD9CBD3 
08/22/2016 19:30:52.684 	com.microsoft.Word	0xb0b3d000	                        com.microsoft.Word	MruServiceApi	axqsf	Information 	MruServiceApi: MruDocumentsApi: READ - cached items callback {"UniqueId": "UnsignedUser", "Application": "Word", "Locale": "en-US", "RequestDuration": 0, "NumberOfItems": 0, "MaxItems": 100}	4456ACF1-030B-4D72-979E-80541CD9CBD3 
08/22/2016 19:30:52.684 	com.microsoft.Word	0xb0b3d000	                        com.microsoft.Word	Memory Resource Usage	beo99	Information 	CurrentProcessWideMemoryUsage {"ScopeInstance": 8, "BytesUsedDelta": 0, "BytesUsedAtComplete": 105811968}	4456ACF1-030B-4D72-979E-80541CD9CBD3 
08/22/2016 19:30:52.684 	com.microsoft.Word	0xb0c41000	                        com.microsoft.Word	Scope Summary	beo99	Information 	{"ScopeName": "MruDocumentsApi::ReadRequest", "StartTime": 2016-08-22T19:30:52Z, "DurationToCompleteInMilliseconds": 0, "DurationToCompleteInMillisecondsHighPrecision": 0.088739, "ScopeInstance": 8, "ScopeParentInstance": 0, "TopActivityInstance": 8, "Success": true}	4456ACF1-030B-4D72-979E-80541CD9CBD3 
08/22/2016 19:30:52.684 	com.microsoft.Word	0xb0c41000	                        com.microsoft.Word	Identity Authentication Client	a07y2	Warning 	[IdentityManager] GetIdentityForUniqueId {"Message": "Could not get identity for empty id."}	4456ACF1-030B-4D72-979E-80541CD9CBD3 
08/22/2016 19:30:52.684 	com.microsoft.Word	0xb0c41000	                        com.microsoft.Word	Identity Authentication Client	a07y2	Warning 	[IdentityManager] GetIdentityForUniqueId {"Message": "Could not get identity for empty id."}	4456ACF1-030B-4D72-979E-80541CD9CBD3 
08/22/2016 19:30:52.684 	com.microsoft.Word	0xb0b3d000	                        com.microsoft.Word	Identity Authentication Client	a07y2	Warning 	[IdentityManager] GetIdentityForUniqueId {"Message": "Could not get identity for empty id."}	4456ACF1-030B-4D72-979E-80541CD9CBD3 
08/22/2016 19:30:52.685 	com.microsoft.Word	0xb0bbf000	                        com.microsoft.Word	MruServiceApi	axqsb	Information 	MruServiceApi: MruDocumentsApi: READ called {"UniqueId": "UnsignedUser", "Application": "Word", "Locale": "en-US", "MaxItems": 100, "ItemOptions": 14, "CorrelationId": "BCFCA1DE-CFF4-4F61-933A-E3BF3FADCFD5"}	4456ACF1-030B-4D72-979E-80541CD9CBD3 
08/22/2016 19:30:52.685 	com.microsoft.Word	0xb0bbf000	                        com.microsoft.Word	MruServiceApi	axqsf	Information 	MruServiceApi: MruDocumentsApi: READ - cached items callback {"UniqueId": "UnsignedUser", "Application": "Word", "Locale": "en-US", "RequestDuration": 0, "NumberOfItems": 0, "MaxItems": 100}	4456ACF1-030B-4D72-979E-80541CD9CBD3 
08/22/2016 19:30:52.685 	com.microsoft.Word	0xb0bbf000	                        com.microsoft.Word	Memory Resource Usage	beo99	Information 	CurrentProcessWideMemoryUsage {"ScopeInstance": 9, "BytesUsedDelta": 8192, "BytesUsedAtComplete": 105840640}	4456ACF1-030B-4D72-979E-80541CD9CBD3 
08/22/2016 19:30:52.685 	com.microsoft.Word	0xb0bbf000	                        com.microsoft.Word	Scope Summary	beo99	Information 	{"ScopeName": "MruDocumentsApi::ReadRequest", "StartTime": 2016-08-22T19:30:52Z, "DurationToCompleteInMilliseconds": 0, "DurationToCompleteInMillisecondsHighPrecision": 0.152031, "ScopeInstance": 9, "ScopeParentInstance": 0, "TopActivityInstance": 9, "Success": true}	4456ACF1-030B-4D72-979E-80541CD9CBD3 
08/22/2016 19:30:52.685 	com.microsoft.Word	0xb0bbf000	                        com.microsoft.Word	Identity Authentication Client	a07y2	Warning 	[IdentityManager] GetIdentityForUniqueId {"Message": "Could not get identity for empty id."}	4456ACF1-030B-4D72-979E-80541CD9CBD3 
08/22/2016 19:30:52.687 	com.microsoft.Word	0xb0b3d000	                        com.microsoft.Word	Csi Telemetry	ibqd7	Warning 	CSI reported an event {"TelemetryId": 666163, "TelemetryType": 777041, "ServerFileID": "", "Details": "", "FutureUse1": "2", "FutureUse2": "1", "FutureUse3": "", "FutureUse4": "", "FutureUse5": ""}	4456ACF1-030B-4D72-979E-80541CD9CBD3 
08/22/2016 19:30:52.688 	com.microsoft.Word	0xb0b3d000	                        com.microsoft.Word	Word Display	icdqr	Information 	UpdateWwdStart {"pdod": 0x0x7d452a00, "Doc Kind": "Doc", "pmwd": 0x0x7b949bb0, "hwwd": 0x0x7cc26078, "hwnd": 0x000000x0, "View Type": "Page", "Pct Zoom": 100, "RM View": true, "rcwDisp.xp": 0, "rcwDisp.yp": 0, "rcwDisp.dxp": 1215, "rcwDisp.dyp": 818}	4456ACF1-030B-4D72-979E-80541CD9CBD3 
08/22/2016 19:30:52.688 	com.microsoft.Word	0xb0b3d000	                        com.microsoft.Word	Word Display	icdqp	Information 	UpdateWwdStop	4456ACF1-030B-4D72-979E-80541CD9CBD3 
08/22/2016 19:30:52.690 	com.microsoft.Word	0xb0c41000	                        com.microsoft.Word	Csi Telemetry	ibqd7	Warning 	CSI reported an event {"TelemetryId": 666163, "TelemetryType": 777041, "ServerFileID": "", "Details": "", "FutureUse1": "2", "FutureUse2": "2", "FutureUse3": "", "FutureUse4": "", "FutureUse5": ""}	4456ACF1-030B-4D72-979E-80541CD9CBD3 
08/22/2016 19:30:52.692 	com.microsoft.Word	0xb0b3d000	                        com.microsoft.Word	Csi Telemetry	ibqd7	Warning 	CSI reported an event {"TelemetryId": 666163, "TelemetryType": 777041, "ServerFileID": "", "Details": "", "FutureUse1": "1", "FutureUse2": "3", "FutureUse3": "", "FutureUse4": "", "FutureUse5": ""}	4456ACF1-030B-4D72-979E-80541CD9CBD3 
08/22/2016 19:30:52.695 	com.microsoft.Word	0xb0b3d000	                        com.microsoft.Word	Csi Telemetry	ibqd7	Warning 	CSI reported an event {"TelemetryId": 666163, "TelemetryType": 777041, "ServerFileID": "", "Details": "", "FutureUse1": "3", "FutureUse2": "4", "FutureUse3": "", "FutureUse4": "", "FutureUse5": ""}	4456ACF1-030B-4D72-979E-80541CD9CBD3 
08/22/2016 19:30:52.697 	com.microsoft.Word	0xb0c41000	                        com.microsoft.Word	Csi Telemetry	ibqd7	Warning 	CSI reported an event {"TelemetryId": 666163, "TelemetryType": 777041, "ServerFileID": "", "Details": "", "FutureUse1": "1", "FutureUse2": "5", "FutureUse3": "", "FutureUse4": "", "FutureUse5": ""}	4456ACF1-030B-4D72-979E-80541CD9CBD3 
08/22/2016 19:30:52.699 	com.microsoft.Word	0xb0c41000	                        com.microsoft.Word	Csi Telemetry	ibqd7	Warning 	CSI reported an event {"TelemetryId": 666163, "TelemetryType": 777041, "ServerFileID": "", "Details": "", "FutureUse1": "1", "FutureUse2": "6", "FutureUse3": "", "FutureUse4": "", "FutureUse5": ""}	4456ACF1-030B-4D72-979E-80541CD9CBD3 
08/22/2016 19:30:52.701 	com.microsoft.Word	0xb0c41000	                        com.microsoft.Word	Csi Telemetry	ibqd7	Warning 	CSI reported an event {"TelemetryId": 666163, "TelemetryType": 777041, "ServerFileID": "", "Details": "", "FutureUse1": "1", "FutureUse2": "7", "FutureUse3": "", "FutureUse4": "", "FutureUse5": ""}	4456ACF1-030B-4D72-979E-80541CD9CBD3 
08/22/2016 19:30:52.704 	com.microsoft.Word	0xb0c41000	                        com.microsoft.Word	Csi Telemetry	ibqd7	Warning 	CSI reported an event {"TelemetryId": 666163, "TelemetryType": 777041, "ServerFileID": "", "Details": "", "FutureUse1": "2", "FutureUse2": "8", "FutureUse3": "", "FutureUse4": "", "FutureUse5": ""}	4456ACF1-030B-4D72-979E-80541CD9CBD3 
08/22/2016 19:30:52.707 	com.microsoft.Word	0xb0b3d000	                        com.microsoft.Word	Word Display	icdqr	Information 	UpdateWwdStart {"pdod": 0x0x7d452a00, "Doc Kind": "Doc", "pmwd": 0x0x7b949bb0, "hwwd": 0x0x7cc26078, "hwnd": 0x000000x0, "View Type": "Page", "Pct Zoom": 100, "RM View": true, "rcwDisp.xp": 0, "rcwDisp.yp": 0, "rcwDisp.dxp": 1215, "rcwDisp.dyp": 793}	4456ACF1-030B-4D72-979E-80541CD9CBD3 
08/22/2016 19:30:52.707 	com.microsoft.Word	0xb0b3d000	                        com.microsoft.Word	Word Display	icdqp	Information 	UpdateWwdStop	4456ACF1-030B-4D72-979E-80541CD9CBD3 
08/22/2016 19:30:52.734 	com.microsoft.Word	0xb0b3d000	                        com.microsoft.Word	Word Display	icdqr	Information 	UpdateWwdStart {"pdod": 0x0x7d452a00, "Doc Kind": "Doc", "pmwd": 0x0x7b949bb0, "hwwd": 0x0x7cc26078, "hwnd": 0x000000x0, "View Type": "Page", "Pct Zoom": 100, "RM View": true, "rcwDisp.xp": 0, "rcwDisp.yp": 0, "rcwDisp.dxp": 1215, "rcwDisp.dyp": 790}	4456ACF1-030B-4D72-979E-80541CD9CBD3 
08/22/2016 19:30:52.735 	com.microsoft.Word	0xb0b3d000	                        com.microsoft.Word	Word Display	icdqp	Information 	UpdateWwdStop	4456ACF1-030B-4D72-979E-80541CD9CBD3 
08/22/2016 19:30:52.832 	com.microsoft.Word	0xb0c41000	                        com.microsoft.Word	Word Display	icdqr	Information 	UpdateWwdStart {"pdod": 0x0x7d452a00, "Doc Kind": "Doc", "pmwd": 0x0x7b949bb0, "hwwd": 0x0x7cc26078, "hwnd": 0x000000x0, "View Type": "Page", "Pct Zoom": 100, "RM View": true, "rcwDisp.xp": 0, "rcwDisp.yp": 0, "rcwDisp.dxp": 1215, "rcwDisp.dyp": 787}	4456ACF1-030B-4D72-979E-80541CD9CBD3 
08/22/2016 19:30:52.832 	com.microsoft.Word	0xb0c41000	                        com.microsoft.Word	Word Display	icdqp	Information 	UpdateWwdStop	4456ACF1-030B-4D72-979E-80541CD9CBD3 
08/22/2016 19:30:52.877 	com.microsoft.Word	0xb0b3d000	                        com.microsoft.Word	TimerScope	ian14	Information 	{"ID": "word.active", "Instance": 3, "Action": "Stop", "Result": 238163}	4456ACF1-030B-4D72-979E-80541CD9CBD3 
08/22/2016 19:30:52.914 	com.microsoft.Word	0xb06ab000	                        com.microsoft.Word	OfficeServicesManager	a11uh	Information 	[CallBackItem] NotifyCallback {"Message": "Callback was notified.", "UserId": ""}	4456ACF1-030B-4D72-979E-80541CD9CBD3 
08/22/2016 19:30:52.914 	com.microsoft.Word	0xb06ab000	                        com.microsoft.Word	FileUIKit	iam60	Information 	[ConnectedServicesCallback] ServicesNotification {"AddedServices": 0, "TypeOfAddedServices": "", "RemovedServices": 0, "TypeOfRemovedServices": ""}	4456ACF1-030B-4D72-979E-80541CD9CBD3 
08/22/2016 19:30:52.914 	com.microsoft.Word	0xb06ab000	                        com.microsoft.Word	OfficeServicesManager	a11uh	Information 	[CallBackItem] NotifyCallback {"Message": "Callback was notified.", "UserId": ""}	4456ACF1-030B-4D72-979E-80541CD9CBD3 
08/22/2016 19:30:52.915 	com.microsoft.Word	0xb0c41000	                        com.microsoft.Word	Word Display	icdqr	Information 	UpdateWwdStart {"pdod": 0x0x7d452a00, "Doc Kind": "Doc", "pmwd": 0x0x7b949bb0, "hwwd": 0x0x7cc26078, "hwnd": 0x000000x0, "View Type": "Page", "Pct Zoom": 100, "RM View": true, "rcwDisp.xp": 0, "rcwDisp.yp": 0, "rcwDisp.dxp": 1215, "rcwDisp.dyp": 787}	4456ACF1-030B-4D72-979E-80541CD9CBD3 
08/22/2016 19:30:52.915 	com.microsoft.Word	0xb0c41000	                        com.microsoft.Word	Word Display	icdqp	Information 	UpdateWwdStop	4456ACF1-030B-4D72-979E-80541CD9CBD3 
08/22/2016 19:30:52.916 	com.microsoft.Word	0xb0c41000	                        com.microsoft.Word	MruServiceApi	axqsb	Information 	MruServiceApi: MruDocumentsApi: READ called {"UniqueId": "UnsignedUser", "Application": "Word", "Locale": "en-US", "MaxItems": 100, "ItemOptions": 14, "CorrelationId": "693514BD-2D4B-4F5B-853F-2AE24DCB9C8B"}	4456ACF1-030B-4D72-979E-80541CD9CBD3 
08/22/2016 19:30:52.916 	com.microsoft.Word	0xb06ab000	                        com.microsoft.Word	MruServiceApi	axqsf	Information 	MruServiceApi: MruDocumentsApi: READ - cached items callback {"UniqueId": "UnsignedUser", "Application": "Word", "Locale": "en-US", "RequestDuration": 0, "NumberOfItems": 0, "MaxItems": 100}	4456ACF1-030B-4D72-979E-80541CD9CBD3 
08/22/2016 19:30:52.916 	com.microsoft.Word	0xb06ab000	                        com.microsoft.Word	Memory Resource Usage	beo99	Information 	CurrentProcessWideMemoryUsage {"ScopeInstance": 10, "BytesUsedDelta": 0, "BytesUsedAtComplete": 107290624}	4456ACF1-030B-4D72-979E-80541CD9CBD3 
08/22/2016 19:30:52.916 	com.microsoft.Word	0xb06ab000	                        com.microsoft.Word	Scope Summary	beo99	Information 	{"ScopeName": "MruDocumentsApi::ReadRequest", "StartTime": 2016-08-22T19:30:52Z, "DurationToCompleteInMilliseconds": 0, "DurationToCompleteInMillisecondsHighPrecision": 0.114077, "ScopeInstance": 10, "ScopeParentInstance": 0, "TopActivityInstance": 10, "Success": true}	4456ACF1-030B-4D72-979E-80541CD9CBD3 
08/22/2016 19:30:52.916 	com.microsoft.Word	0xb06ab000	                        com.microsoft.Word	Identity Authentication Client	a07y2	Warning 	[IdentityManager] GetIdentityForUniqueId {"Message": "Could not get identity for empty id."}	4456ACF1-030B-4D72-979E-80541CD9CBD3 
08/22/2016 19:30:53.234 	com.microsoft.Word	0xb0b3d000	                        com.microsoft.Word	Roaming	axaew	Information 	CacheManager::CleanUpCachedUsers {"Message": "Beginning to run CleanUpCachedUsers"}	4456ACF1-030B-4D72-979E-80541CD9CBD3 
08/22/2016 19:30:53.234 	com.microsoft.Word	0xb0b3d000	                        com.microsoft.Word	Roaming	axaey	Information 	CacheManager::CleanUpCachedUsers {"Message": "Finished CleanUpCachedUsers"}	4456ACF1-030B-4D72-979E-80541CD9CBD3 
08/22/2016 19:30:56.999 	com.microsoft.Word	0xb0c41000	                        com.microsoft.Word	TimerScope	ian13	Information 	{"ID": "word.active", "Instance": 4, "Action": "Start"}	4456ACF1-030B-4D72-979E-80541CD9CBD3 
08/22/2016 19:30:57.001 	com.microsoft.Word	0xb0c41000	                        com.microsoft.Word	ULS.Heartbeat	iaaaa	Information 	8DB56393-9C9D-5CDD-B946-81B5606D4C10	4456ACF1-030B-4D72-979E-80541CD9CBD3 
08/22/2016 19:30:57.023 	com.microsoft.Word	0xb0b3d000	                        com.microsoft.Word	MruServiceApi	axqsb	Information 	MruServiceApi: MruDocumentsApi: READ called {"UniqueId": "UnsignedUser", "Application": "Word", "Locale": "en-US", "MaxItems": 100, "ItemOptions": 14, "CorrelationId": "9F3874F0-B7F5-4A5B-8F62-900B2C2148DA"}	4456ACF1-030B-4D72-979E-80541CD9CBD3 
08/22/2016 19:30:57.023 	com.microsoft.Word	0xb0b3d000	                        com.microsoft.Word	MruServiceApi	axqsf	Information 	MruServiceApi: MruDocumentsApi: READ - cached items callback {"UniqueId": "UnsignedUser", "Application": "Word", "Locale": "en-US", "RequestDuration": 0, "NumberOfItems": 0, "MaxItems": 100}	4456ACF1-030B-4D72-979E-80541CD9CBD3 
08/22/2016 19:30:57.023 	com.microsoft.Word	0xb0b3d000	                        com.microsoft.Word	Memory Resource Usage	beo99	Information 	CurrentProcessWideMemoryUsage {"ScopeInstance": 11, "BytesUsedDelta": 0, "BytesUsedAtComplete": 118800384}	4456ACF1-030B-4D72-979E-80541CD9CBD3 
08/22/2016 19:30:57.023 	com.microsoft.Word	0xb0b3d000	                        com.microsoft.Word	Scope Summary	beo99	Information 	{"ScopeName": "MruDocumentsApi::ReadRequest", "StartTime": 2016-08-22T19:30:57Z, "DurationToCompleteInMilliseconds": 0, "DurationToCompleteInMillisecondsHighPrecision": 0.144548, "ScopeInstance": 11, "ScopeParentInstance": 0, "TopActivityInstance": 11, "Success": true}	4456ACF1-030B-4D72-979E-80541CD9CBD3 
08/22/2016 19:30:57.023 	com.microsoft.Word	0xb0b3d000	                        com.microsoft.Word	Identity Authentication Client	a07y2	Warning 	[IdentityManager] GetIdentityForUniqueId {"Message": "Could not get identity for empty id."}	4456ACF1-030B-4D72-979E-80541CD9CBD3 
08/22/2016 19:30:57.023 	com.microsoft.Word	0xb0b3d000	                        com.microsoft.Word	MruServiceApi	axqsb	Information 	MruServiceApi: MruDocumentsApi: READ called {"UniqueId": "UnsignedUser", "Application": "Word", "Locale": "en-US", "MaxItems": 100, "ItemOptions": 14, "CorrelationId": "185D77A9-21C7-4642-B43A-CE604DC6526B"}	4456ACF1-030B-4D72-979E-80541CD9CBD3 
08/22/2016 19:30:57.024 	com.microsoft.Word	0xb0b3d000	                        com.microsoft.Word	MruServiceApi	axqsf	Information 	MruServiceApi: MruDocumentsApi: READ - cached items callback {"UniqueId": "UnsignedUser", "Application": "Word", "Locale": "en-US", "RequestDuration": 0, "NumberOfItems": 0, "MaxItems": 100}	4456ACF1-030B-4D72-979E-80541CD9CBD3 
08/22/2016 19:30:57.024 	com.microsoft.Word	0xb0b3d000	                        com.microsoft.Word	Memory Resource Usage	beo99	Information 	CurrentProcessWideMemoryUsage {"ScopeInstance": 12, "BytesUsedDelta": 0, "BytesUsedAtComplete": 118804480}	4456ACF1-030B-4D72-979E-80541CD9CBD3 
08/22/2016 19:30:57.024 	com.microsoft.Word	0xb0b3d000	                        com.microsoft.Word	Scope Summary	beo99	Information 	{"ScopeName": "MruDocumentsApi::ReadRequest", "StartTime": 2016-08-22T19:30:57Z, "DurationToCompleteInMilliseconds": 0, "DurationToCompleteInMillisecondsHighPrecision": 0.088095, "ScopeInstance": 12, "ScopeParentInstance": 0, "TopActivityInstance": 12, "Success": true}	4456ACF1-030B-4D72-979E-80541CD9CBD3 
08/22/2016 19:30:57.024 	com.microsoft.Word	0xb0b3d000	                        com.microsoft.Word	Identity Authentication Client	a07y2	Warning 	[IdentityManager] GetIdentityForUniqueId {"Message": "Could not get identity for empty id."}	4456ACF1-030B-4D72-979E-80541CD9CBD3 
08/22/2016 19:30:57.589 	com.microsoft.Word	0xb0b3d000	                        com.microsoft.Word	OfficeSpace_DesktopClickstream	ibur2	Information 	Clickstream Logging {"tcid": 30010, "tcidParent": 474}	4456ACF1-030B-4D72-979E-80541CD9CBD3 
08/22/2016 19:30:57.590 	com.microsoft.Word	0xb0b3d000	                        com.microsoft.Word	OfficeSpace_DesktopClickstream	ibur2	Information 	Clickstream Logging {"tcid": 30009, "tcidParent": 474}	4456ACF1-030B-4D72-979E-80541CD9CBD3 
08/22/2016 19:30:57.593 	com.microsoft.Word	0xb0b3d000	                        com.microsoft.Word	OfficeSpace_DesktopClickstream	ibur2	Information 	Clickstream Logging {"tcid": 30008, "tcidParent": 474}	4456ACF1-030B-4D72-979E-80541CD9CBD3 
08/22/2016 19:30:57.593 	com.microsoft.Word	0xb0b3d000	                        com.microsoft.Word	OfficeSpace_DesktopClickstream	ibur2	Information 	Clickstream Logging {"tcid": 30444, "tcidParent": 0}	4456ACF1-030B-4D72-979E-80541CD9CBD3 
08/22/2016 19:30:57.593 	com.microsoft.Word	0xb0b3d000	                        com.microsoft.Word	OfficeSpace_DesktopClickstream	ibur2	Information 	Clickstream Logging {"tcid": 30445, "tcidParent": 0}	4456ACF1-030B-4D72-979E-80541CD9CBD3 
08/22/2016 19:30:57.594 	com.microsoft.Word	0xb0b3d000	                        com.microsoft.Word	OfficeSpace_DesktopClickstream	ibur2	Information 	Clickstream Logging {"tcid": 30446, "tcidParent": 0}	4456ACF1-030B-4D72-979E-80541CD9CBD3 
08/22/2016 19:30:57.594 	com.microsoft.Word	0xb0b3d000	                        com.microsoft.Word	OfficeSpace_DesktopClickstream	ibur2	Information 	Clickstream Logging {"tcid": 30460, "tcidParent": 0}	4456ACF1-030B-4D72-979E-80541CD9CBD3 
08/22/2016 19:30:57.594 	com.microsoft.Word	0xb0b3d000	                        com.microsoft.Word	OfficeSpace_DesktopClickstream	ibur2	Information 	Clickstream Logging {"tcid": 30447, "tcidParent": 0}	4456ACF1-030B-4D72-979E-80541CD9CBD3 
08/22/2016 19:30:57.595 	com.microsoft.Word	0xb0b3d000	                        com.microsoft.Word	OfficeSpace_DesktopClickstream	ibur2	Information 	Clickstream Logging {"tcid": 30007, "tcidParent": 474}	4456ACF1-030B-4D72-979E-80541CD9CBD3 
08/22/2016 19:30:57.595 	com.microsoft.Word	0xb0b3d000	                        com.microsoft.Word	OfficeSpace_DesktopClickstream	ibur2	Information 	Clickstream Logging {"tcid": 23459, "tcidParent": 0}	4456ACF1-030B-4D72-979E-80541CD9CBD3 
08/22/2016 19:30:57.596 	com.microsoft.Word	0xb0b3d000	                        com.microsoft.Word	OfficeSpace_DesktopClickstream	ibur2	Information 	Clickstream Logging {"tcid": 30138, "tcidParent": 0}	4456ACF1-030B-4D72-979E-80541CD9CBD3 
08/22/2016 19:30:57.596 	com.microsoft.Word	0xb0b3d000	                        com.microsoft.Word	OfficeSpace_DesktopClickstream	ibur2	Information 	Clickstream Logging {"tcid": 30017, "tcidParent": 0}	4456ACF1-030B-4D72-979E-80541CD9CBD3 
08/22/2016 19:30:57.597 	com.microsoft.Word	0xb0b3d000	                        com.microsoft.Word	OfficeSpace_DesktopClickstream	ibur2	Information 	Clickstream Logging {"tcid": 30006, "tcidParent": 474}	4456ACF1-030B-4D72-979E-80541CD9CBD3 
08/22/2016 19:30:57.597 	com.microsoft.Word	0xb0b3d000	                        com.microsoft.Word	OfficeSpace_DesktopClickstream	ibur2	Information 	Clickstream Logging {"tcid": 13898, "tcidParent": 0}	4456ACF1-030B-4D72-979E-80541CD9CBD3 
08/22/2016 19:30:57.599 	com.microsoft.Word	0xb0b3d000	                        com.microsoft.Word	OfficeSpace_DesktopClickstream	ibur2	Information 	Clickstream Logging {"tcid": 30005, "tcidParent": 474}	4456ACF1-030B-4D72-979E-80541CD9CBD3 
08/22/2016 19:30:57.599 	com.microsoft.Word	0xb0b3d000	                        com.microsoft.Word	OfficeSpace_DesktopClickstream	ibur2	Information 	Clickstream Logging {"tcid": 31875, "tcidParent": 0}	4456ACF1-030B-4D72-979E-80541CD9CBD3 
08/22/2016 19:30:57.599 	com.microsoft.Word	0xb0b3d000	                        com.microsoft.Word	OfficeSpace_DesktopClickstream	ibur2	Information 	Clickstream Logging {"tcid": 23455, "tcidParent": 0}	4456ACF1-030B-4D72-979E-80541CD9CBD3 
08/22/2016 19:30:57.599 	com.microsoft.Word	0xb0b3d000	                        com.microsoft.Word	OfficeSpace_DesktopClickstream	ibur2	Information 	Clickstream Logging {"tcid": 23453, "tcidParent": 0}	4456ACF1-030B-4D72-979E-80541CD9CBD3 
08/22/2016 19:30:57.600 	com.microsoft.Word	0xb0c41000	                        com.microsoft.Word	OfficeSpace_DesktopClickstream	ibur2	Information 	Clickstream Logging {"tcid": 23490, "tcidParent": 0}	4456ACF1-030B-4D72-979E-80541CD9CBD3 
08/22/2016 19:30:57.600 	com.microsoft.Word	0xb0b3d000	                        com.microsoft.Word	OfficeSpace_DesktopClickstream	ibur2	Information 	Clickstream Logging {"tcid": 31876, "tcidParent": 0}	4456ACF1-030B-4D72-979E-80541CD9CBD3 
08/22/2016 19:30:57.600 	com.microsoft.Word	0xb0b3d000	                        com.microsoft.Word	OfficeSpace_DesktopClickstream	ibur2	Information 	Clickstream Logging {"tcid": 31877, "tcidParent": 0}	4456ACF1-030B-4D72-979E-80541CD9CBD3 
08/22/2016 19:30:57.600 	com.microsoft.Word	0xb0b3d000	                        com.microsoft.Word	OfficeSpace_DesktopClickstream	ibur2	Information 	Clickstream Logging {"tcid": 24032, "tcidParent": 0}	4456ACF1-030B-4D72-979E-80541CD9CBD3 
08/22/2016 19:30:57.600 	com.microsoft.Word	0xb0c41000	                        com.microsoft.Word	OfficeSpace_DesktopClickstream	ibur2	Information 	Clickstream Logging {"tcid": 31000, "tcidParent": 0}	4456ACF1-030B-4D72-979E-80541CD9CBD3 
08/22/2016 19:30:57.601 	com.microsoft.Word	0xb0c41000	                        com.microsoft.Word	OfficeSpace_DesktopClickstream	ibur2	Information 	Clickstream Logging {"tcid": 30163, "tcidParent": 0}	4456ACF1-030B-4D72-979E-80541CD9CBD3 
08/22/2016 19:30:57.601 	com.microsoft.Word	0xb0c41000	                        com.microsoft.Word	OfficeSpace_DesktopClickstream	ibur2	Information 	Clickstream Logging {"tcid": 30181, "tcidParent": 0}	4456ACF1-030B-4D72-979E-80541CD9CBD3 
08/22/2016 19:30:57.602 	com.microsoft.Word	0xb0c41000	                        com.microsoft.Word	OfficeSpace_DesktopClickstream	ibur2	Information 	Clickstream Logging {"tcid": 30004, "tcidParent": 474}	4456ACF1-030B-4D72-979E-80541CD9CBD3 
08/22/2016 19:30:57.602 	com.microsoft.Word	0xb0c41000	                        com.microsoft.Word	OfficeSpace_DesktopClickstream	ibur2	Information 	Clickstream Logging {"tcid": 31869, "tcidParent": 0}	4456ACF1-030B-4D72-979E-80541CD9CBD3 
08/22/2016 19:30:57.603 	com.microsoft.Word	0xb0c41000	                        com.microsoft.Word	OfficeSpace_DesktopClickstream	ibur2	Information 	Clickstream Logging {"tcid": 23392, "tcidParent": 0}	4456ACF1-030B-4D72-979E-80541CD9CBD3 
08/22/2016 19:30:57.604 	com.microsoft.Word	0xb0c41000	                        com.microsoft.Word	OfficeSpace_DesktopClickstream	ibur2	Information 	Clickstream Logging {"tcid": 10326, "tcidParent": 0}	4456ACF1-030B-4D72-979E-80541CD9CBD3 
08/22/2016 19:30:57.605 	com.microsoft.Word	0xb0c41000	                        com.microsoft.Word	OfficeSpace_DesktopClickstream	ibur2	Information 	Clickstream Logging {"tcid": 30003, "tcidParent": 474}	4456ACF1-030B-4D72-979E-80541CD9CBD3 
08/22/2016 19:30:57.605 	com.microsoft.Word	0xb0c41000	                        com.microsoft.Word	OfficeSpace_DesktopClickstream	ibur2	Information 	Clickstream Logging {"tcid": 30021, "tcidParent": 0}	4456ACF1-030B-4D72-979E-80541CD9CBD3 
08/22/2016 19:30:57.606 	com.microsoft.Word	0xb0c41000	                        com.microsoft.Word	OfficeSpace_DesktopClickstream	ibur2	Information 	Clickstream Logging {"tcid": 31868, "tcidParent": 0}	4456ACF1-030B-4D72-979E-80541CD9CBD3 
08/22/2016 19:30:57.609 	com.microsoft.Word	0xb0c41000	                        com.microsoft.Word	OfficeSpace_DesktopClickstream	ibur2	Information 	Clickstream Logging {"tcid": 30002, "tcidParent": 474}	4456ACF1-030B-4D72-979E-80541CD9CBD3 
08/22/2016 19:30:57.610 	com.microsoft.Word	0xb0c41000	                        com.microsoft.Word	OfficeSpace_DesktopClickstream	ibur2	Information 	Clickstream Logging {"tcid": 31806, "tcidParent": 0}	4456ACF1-030B-4D72-979E-80541CD9CBD3 
08/22/2016 19:30:57.610 	com.microsoft.Word	0xb0c41000	                        com.microsoft.Word	OfficeSpace_DesktopClickstream	ibur2	Information 	Clickstream Logging {"tcid": 23483, "tcidParent": 0}	4456ACF1-030B-4D72-979E-80541CD9CBD3 
08/22/2016 19:30:57.610 	com.microsoft.Word	0xb0c41000	                        com.microsoft.Word	OfficeSpace_DesktopClickstream	ibur2	Information 	Clickstream Logging {"tcid": 11093, "tcidParent": 0}	4456ACF1-030B-4D72-979E-80541CD9CBD3 
08/22/2016 19:30:57.612 	com.microsoft.Word	0xb0c41000	                        com.microsoft.Word	OfficeSpace_DesktopClickstream	ibur2	Information 	Clickstream Logging {"tcid": 31308, "tcidParent": 0}	4456ACF1-030B-4D72-979E-80541CD9CBD3 
08/22/2016 19:30:57.613 	com.microsoft.Word	0xb0c41000	                        com.microsoft.Word	OfficeSpace_DesktopClickstream	ibur2	Information 	Clickstream Logging {"tcid": 31801, "tcidParent": 474}	4456ACF1-030B-4D72-979E-80541CD9CBD3 
08/22/2016 19:30:57.623 	com.microsoft.Word	0xb0c41000	                        com.microsoft.Word	OfficeSpace_DesktopClickstream	ibur2	Information 	Clickstream Logging {"tcid": 30010, "tcidParent": 474}	4456ACF1-030B-4D72-979E-80541CD9CBD3 
08/22/2016 19:30:57.643 	com.microsoft.Word	0xb0b3d000	                        com.microsoft.Word	Word Zoom Scroll	ibsia	Information 	Scrolling 0 2048 {"FrequencyDataEventName": "Scrolling 0 2048", "Summary": "NumberOfEvents", "NumberOfEvents": 2, "Mean": 0.000000, "Min": 0.000000, "Max": 0.000000, "StandardDeviation": 0.000000}	4456ACF1-030B-4D72-979E-80541CD9CBD3 
08/22/2016 19:30:57.643 	com.microsoft.Word	0xb0b3d000	                        com.microsoft.Word	Word Zoom Scroll	ibsib	Information 	Scrolling 0 2048 {"FrequencyDataEventName": "Scrolling 0 2048", "Summary": "Mean", "NumberOfEvents": 2, "Mean": 0.000000, "Min": 0.000000, "Max": 0.000000, "StandardDeviation": 0.000000}	4456ACF1-030B-4D72-979E-80541CD9CBD3 
08/22/2016 19:30:57.643 	com.microsoft.Word	0xb0b3d000	                        com.microsoft.Word	Word Zoom Scroll	ibsic	Information 	Scrolling 0 2048 {"FrequencyDataEventName": "Scrolling 0 2048", "Summary": "Min", "NumberOfEvents": 2, "Mean": nan, "Min": inf, "Max": inf, "StandardDeviation": nan}	4456ACF1-030B-4D72-979E-80541CD9CBD3 
08/22/2016 19:30:57.643 	com.microsoft.Word	0xb0b3d000	                        com.microsoft.Word	Word Zoom Scroll	ibsid	Information 	Scrolling 0 2048 {"FrequencyDataEventName": "Scrolling 0 2048", "Summary": "Max", "NumberOfEvents": 2, "Mean": nan, "Min": -inf, "Max": -inf, "StandardDeviation": nan}	4456ACF1-030B-4D72-979E-80541CD9CBD3 
08/22/2016 19:30:57.643 	com.microsoft.Word	0xb0b3d000	                        com.microsoft.Word	Word Zoom Scroll	ibsie	Information 	Scrolling 0 2048 {"FrequencyDataEventName": "Scrolling 0 2048", "Summary": "StandardDeviation", "NumberOfEvents": 2, "Mean": 0.000000, "Min": 0.000000, "Max": 0.000000, "StandardDeviation": 0.000000}	4456ACF1-030B-4D72-979E-80541CD9CBD3 
08/22/2016 19:30:57.980 	com.microsoft.Word	0xb0115000	                        com.microsoft.Word	Document Close	ib7g6	Information 	Document Close.	4456ACF1-030B-4D72-979E-80541CD9CBD3 
08/22/2016 19:30:57.985 	com.microsoft.Word	0xb0115000	                        com.microsoft.Word	Document Close	ib7g6	Information 	Document Close.	4456ACF1-030B-4D72-979E-80541CD9CBD3 
08/22/2016 19:30:57.994 	com.microsoft.Word	0xb0c41000	                        com.microsoft.Word	TimerScope	ian14	Information 	{"ID": "word.active", "Instance": 4, "Action": "Stop", "Result": 994890}	4456ACF1-030B-4D72-979E-80541CD9CBD3 
08/22/2016 19:30:57.996 	com.microsoft.Word	0xb0b3d000	                        com.microsoft.Word	Word Idle	ibx3a	Information 	Word Idle Information {"Suspended": false, "TotalTimeInIdle": 0.123236, "IdlePercentage": 1.964303, "TotalRunTime": 6.273774, "MBUTimerSuspended": false, "WDTimerSuspensions": 0, "MBUTimerSuspensions": 0}	4456ACF1-030B-4D72-979E-80541CD9CBD3 
08/22/2016 19:30:58.022 	com.microsoft.Word	0xb0081000	                        com.microsoft.Word	Memory Resource Usage	a9joq	Information 	CurrentProcessWideMemoryUsage {"ScopeInstance": 13, "BytesUsedDelta": 28672, "BytesUsedAtComplete": 119914496}	4456ACF1-030B-4D72-979E-80541CD9CBD3 
08/22/2016 19:30:58.022 	com.microsoft.Word	0xb0081000	                        com.microsoft.Word	Scope Summary	a9joq	Information 	{"ScopeName": "Mso::Telemetry::DiskPayloadManager::WritePayloadToDisk", "StartTime": 2016-08-22T19:30:58Z, "DurationToCompleteInMilliseconds": 1, "DurationToCompleteInMillisecondsHighPrecision": 1.054915, "ScopeInstance": 13, "ScopeParentInstance": 0, "TopActivityInstance": 13, "Success": true}	4456ACF1-030B-4D72-979E-80541CD9CBD3 
08/22/2016 19:30:58.023 	com.microsoft.Word	0xb0219000	                        com.microsoft.Word	Experiment Liblet	bef13	Information 	FlightManager::ResetInstance() called	4456ACF1-030B-4D72-979E-80541CD9CBD3 
08/22/2016 19:30:58.023 	com.microsoft.Word	0xb0219000	                        com.microsoft.Word	Experiment Liblet	bfhs7	Information 	Feature Query Status {"FlightName": "ofdl6xkd31gki20", "FeatureName": "Microsoft.Office.Word.ShowPasteboardPrintLayout", "TreatmentValue": "nullopt", "StaticScope": 2, "IsDevOverride": false, "LockType": 2}	4456ACF1-030B-4D72-979E-80541CD9CBD3 
08/22/2016 19:30:58.023 	com.microsoft.Word	0xb0219000	                        com.microsoft.Word	Experiment Liblet	bfhs7	Information 	Feature Query Status {"FlightName": "ofilfmq4laqux40", "FeatureName": "Microsoft.Office.Outlook.TableSupport", "TreatmentValue": "nullopt", "StaticScope": 1, "IsDevOverride": false, "LockType": 2}	4456ACF1-030B-4D72-979E-80541CD9CBD3 
08/22/2016 19:30:58.023 	com.microsoft.Word	0xb0219000	                        com.microsoft.Word	Experiment Liblet	bfhs7	Information 	Feature Query Status {"FlightName": "ofsdr6zu5duwrk0", "FeatureName": "Microsoft.Office.Word.UseBCSForPDFConversion", "TreatmentValue": "nullopt", "StaticScope": 1, "IsDevOverride": false, "LockType": 2}	4456ACF1-030B-4D72-979E-80541CD9CBD3 
08/22/2016 19:30:58.023 	com.microsoft.Word	0xb0219000	                        com.microsoft.Word	Experiment Liblet	bfhs7	Information 	Feature Query Status {"FlightName": "ofanpaeym3wxlz0", "FeatureName": "Microsoft.Office.Word.EnableWebScalingZoomReset", "TreatmentValue": "nullopt", "StaticScope": 2, "IsDevOverride": false, "LockType": 2}	4456ACF1-030B-4D72-979E-80541CD9CBD3 
08/22/2016 19:30:58.023 	com.microsoft.Word	0xb0219000	                        com.microsoft.Word	Experiment Liblet	bfhs7	Information 	Feature Query Status {"FlightName": "ofecgl4pfbgfif0", "FeatureName": "Microsoft.Office.Experiment.PollingDuration", "TreatmentValue": "nullopt", "StaticScope": 0, "IsDevOverride": false, "LockType": 2}	4456ACF1-030B-4D72-979E-80541CD9CBD3 
08/22/2016 19:30:58.023 	com.microsoft.Word	0xb0219000	                        com.microsoft.Word	Experiment Liblet	bfhs7	Information 	Feature Query Status {"FlightName": "ofdqmachtdaur40", "FeatureName": "Microsoft.Office.Word.AXTableEditing", "TreatmentValue": "nullopt", "StaticScope": 1, "IsDevOverride": false, "LockType": 2}	4456ACF1-030B-4D72-979E-80541CD9CBD3 
08/22/2016 19:30:58.023 	com.microsoft.Word	0xb0219000	                        com.microsoft.Word	Experiment Liblet	bfhs7	Information 	Feature Query Status {"FlightName": "ofas3eiflxlznq0", "FeatureName": "Microsoft.Office.Graphics.FastAcc", "TreatmentValue": "nullopt", "StaticScope": 1, "IsDevOverride": false, "LockType": 2}	4456ACF1-030B-4D72-979E-80541CD9CBD3 
08/22/2016 19:30:58.023 	com.microsoft.Word	0xb0219000	                        com.microsoft.Word	Experiment Liblet	bfhs7	Information 	Feature Query Status {"FlightName": "of2123d2f3tdkw0", "FeatureName": "Microsoft.Office.Word.NewProofingLogic", "TreatmentValue": "true", "StaticScope": 0, "IsDevOverride": false, "LockType": 2}	4456ACF1-030B-4D72-979E-80541CD9CBD3 
08/22/2016 19:30:58.023 	com.microsoft.Word	0xb0219000	                        com.microsoft.Word	Experiment Liblet	bfhs7	Information 	Feature Query Status {"FlightName": "of3og1haea5zna0", "FeatureName": "Microsoft.Office.Word.ContentControls", "TreatmentValue": "nullopt", "StaticScope": 1, "IsDevOverride": false, "LockType": 2}	4456ACF1-030B-4D72-979E-80541CD9CBD3 
08/22/2016 19:30:58.024 	com.microsoft.Word	0xb0081000	                        com.microsoft.Word	Roaming	axahc	Information 	SyncManager::CWriteSyncTask::Run {"Message": "Starting CWriteSyncTask::Run"}	4456ACF1-030B-4D72-979E-80541CD9CBD3 
08/22/2016 19:30:58.027 	com.microsoft.Word	0xb0219000	                        com.microsoft.Word	Roaming	axagb	Information 	RoamingProxy::Init {"Message": "Init completed, server Url", "Url": "https://roaming.officeapps.live.com/rs/RoamingSoapService.svc"}	4456ACF1-030B-4D72-979E-80541CD9CBD3 
08/22/2016 19:30:58.496 	com.microsoft.Word	0xb0081000	                        com.microsoft.Word	Roaming	a3csm	Information 	RoamingProxy::GetConfig {"Message": "Get config succeeded", "UniqueId": "", "MachineId": "NULL"}	4456ACF1-030B-4D72-979E-80541CD9CBD3 
08/22/2016 19:30:58.497 	com.microsoft.Word	0xb0081000	                        com.microsoft.Word	Roaming	axagq	Information 	SyncManager::UpdateCache {"Message": "Sync Started", "SyncStartedTime": "2016/08/22 14:30:58:495"}	4456ACF1-030B-4D72-979E-80541CD9CBD3 
08/22/2016 19:30:58.497 	com.microsoft.Word	0xb0081000	                        com.microsoft.Word	Roaming	axagr	Information 	SyncManager::UpdateCache {"Message": "Sync Completed", "SyncCompletedTime": "2016/08/22 14:30:58:495"}	4456ACF1-030B-4D72-979E-80541CD9CBD3 
08/22/2016 19:30:58.501 	com.microsoft.Word	0xb0081000	                        com.microsoft.Word	Logging Liblet	a2le0	Information 	Logging liblet uninitializing.	4456ACF1-030B-4D72-979E-80541CD9CBD3 
08/22/2016 19:30:58.502 	com.microsoft.Word	0xb0081000	                        com.microsoft.Word	IdentityAuthenticationCredStore	ibzdf	Information 	[COfficeCredStore] UninitInstance {"Message": "UninitInstance"}	4456ACF1-030B-4D72-979E-80541CD9CBD3 
08/22/2016 19:30:58.502 	com.microsoft.Word	0xb0081000	                        com.microsoft.Word	IdentityAuthenticationCredStore	ibzdf	Information 	[COfficeCredStore] UninitInstance {"Message": "UninitInstance"}	4456ACF1-030B-4D72-979E-80541CD9CBD3 
08/22/2016 19:30:58.502 	com.microsoft.Word	0xb0081000	                        com.microsoft.Word	IdentityAuthenticationCredStore	ibzdf	Information 	[COfficeCredStore] UninitInstance {"Message": "UninitInstance"}	4456ACF1-030B-4D72-979E-80541CD9CBD3 
08/22/2016 19:30:58.503 	com.microsoft.Word	0xb0081000	                        com.microsoft.Word	Identity Authentication Client	awuut	Information 	[IdentityManager] ~IdentityManager {"Message": "Uninit IdentityManager"}	4456ACF1-030B-4D72-979E-80541CD9CBD3 
08/22/2016 19:30:58.503 	com.microsoft.Word	0xb0081000	                        com.microsoft.Word	Identity Authentication Client	awuwq	Information 	[ProfileManager] ProfileManager {"Message": "Number of profiles at shutdown.", "ProfileListSize": 0}	4456ACF1-030B-4D72-979E-80541CD9CBD3 
08/22/2016 19:31:00.634 	com.microsoft.Word	0xb0219000	                        com.microsoft.Word	ARC Telemetry	a1b9h	Information 	Factory is attempting to destroy device	4456ACF1-030B-4D72-979E-80541CD9CBD3 
